WARN: Unresolved specs during Gem::Specification.reset:
      minitest (~> 5.1)
WARN: Clearing out unresolved specs.
Please report a bug if this causes problems.
I, [2016-08-25T16:42:25.415186 #22792]  INFO -- : Starting clock for 1 events: [ list all applications and update people ]
I, [2016-08-25T16:43:00.001151 #22792]  INFO -- : Triggering 'list all applications and update people'
STARTING BIG SYNC
2016-07-01
Esses negos tudo: 225
784: unexpected token at '<html>
<head><title>404 Not Found</title></head>
<body bgcolor="white">
<center><h1>404 Not Found</h1></center>
<hr><center>nginx/1.8.0</center>
</body>
</html>
'
A JSON text must at least contain two octets!
A JSON text must at least contain two octets!
A JSON text must at least contain two octets!
A JSON text must at least contain two octets!
A JSON text must at least contain two octets!
A JSON text must at least contain two octets!
A JSON text must at least contain two octets!
A JSON text must at least contain two octets!
A JSON text must at least contain two octets!
A JSON text must at least contain two octets!
A JSON text must at least contain two octets!
A JSON text must at least contain two octets!
A JSON text must at least contain two octets!
A JSON text must at least contain two octets!
A JSON text must at least contain two octets!
A JSON text must at least contain two octets!
A JSON text must at least contain two octets!
A JSON text must at least contain two octets!
A JSON text must at least contain two octets!
A JSON text must at least contain two octets!
A JSON text must at least contain two octets!
A JSON text must at least contain two octets!
A JSON text must at least contain two octets!
A JSON text must at least contain two octets!
A JSON text must at least contain two octets!
A JSON text must at least contain two octets!
A JSON text must at least contain two octets!
A JSON text must at least contain two octets!
A JSON text must at least contain two octets!
A JSON text must at least contain two octets!
A JSON text must at least contain two octets!
A JSON text must at least contain two octets!
A JSON text must at least contain two octets!
A JSON text must at least contain two octets!
A JSON text must at least contain two octets!
A JSON text must at least contain two octets!
A JSON text must at least contain two octets!
A JSON text must at least contain two octets!
A JSON text must at least contain two octets!
A JSON text must at least contain two octets!
A JSON text must at least contain two octets!
A JSON text must at least contain two octets!
A JSON text must at least contain two octets!
A JSON text must at least contain two octets!
A JSON text must at least contain two octets!
A JSON text must at least contain two octets!
A JSON text must at least contain two octets!
A JSON text must at least contain two octets!
A JSON text must at least contain two octets!
A JSON text must at least contain two octets!
A JSON text must at least contain two octets!
A JSON text must at least contain two octets!
A JSON text must at least contain two octets!
A JSON text must at least contain two octets!
A JSON text must at least contain two octets!
A JSON text must at least contain two octets!
A JSON text must at least contain two octets!
A JSON text must at least contain two octets!
A JSON text must at least contain two octets!
A JSON text must at least contain two octets!
A JSON text must at least contain two octets!
A JSON text must at least contain two octets!
A JSON text must at least contain two octets!
A JSON text must at least contain two octets!
A JSON text must at least contain two octets!
A JSON text must at least contain two octets!
A JSON text must at least contain two octets!
A JSON text must at least contain two octets!
A JSON text must at least contain two octets!
A JSON text must at least contain two octets!
A JSON text must at least contain two octets!
A JSON text must at least contain two octets!
A JSON text must at least contain two octets!
A JSON text must at least contain two octets!
A JSON text must at least contain two octets!
A JSON text must at least contain two octets!
A JSON text must at least contain two octets!
A JSON text must at least contain two octets!
A JSON text must at least contain two octets!
A JSON text must at least contain two octets!
A JSON text must at least contain two octets!
A JSON text must at least contain two octets!
A JSON text must at least contain two octets!
A JSON text must at least contain two octets!
A JSON text must at least contain two octets!
A JSON text must at least contain two octets!
A JSON text must at least contain two octets!
A JSON text must at least contain two octets!
A JSON text must at least contain two octets!
A JSON text must at least contain two octets!
A JSON text must at least contain two octets!
A JSON text must at least contain two octets!
A JSON text must at least contain two octets!
A JSON text must at least contain two octets!
A JSON text must at least contain two octets!
A JSON text must at least contain two octets!
A JSON text must at least contain two octets!
A JSON text must at least contain two octets!
A JSON text must at least contain two octets!
A JSON text must at least contain two octets!
A JSON text must at least contain two octets!
A JSON text must at least contain two octets!
A JSON text must at least contain two octets!
A JSON text must at least contain two octets!
A JSON text must at least contain two octets!
A JSON text must at least contain two octets!
A JSON text must at least contain two octets!
A JSON text must at least contain two octets!
A JSON text must at least contain two octets!
A JSON text must at least contain two octets!
A JSON text must at least contain two octets!
A JSON text must at least contain two octets!
A JSON text must at least contain two octets!
A JSON text must at least contain two octets!
A JSON text must at least contain two octets!
A JSON text must at least contain two octets!
A JSON text must at least contain two octets!
A JSON text must at least contain two octets!
A JSON text must at least contain two octets!
A JSON text must at least contain two octets!
A JSON text must at least contain two octets!
A JSON text must at least contain two octets!
A JSON text must at least contain two octets!
A JSON text must at least contain two octets!
A JSON text must at least contain two octets!
A JSON text must at least contain two octets!
A JSON text must at least contain two octets!
A JSON text must at least contain two octets!
A JSON text must at least contain two octets!
A JSON text must at least contain two octets!
A JSON text must at least contain two octets!
A JSON text must at least contain two octets!
A JSON text must at least contain two octets!
A JSON text must at least contain two octets!
A JSON text must at least contain two octets!
A JSON text must at least contain two octets!
A JSON text must at least contain two octets!
A JSON text must at least contain two octets!
A JSON text must at least contain two octets!
A JSON text must at least contain two octets!
A JSON text must at least contain two octets!
A JSON text must at least contain two octets!
A JSON text must at least contain two octets!
A JSON text must at least contain two octets!
A JSON text must at least contain two octets!
A JSON text must at least contain two octets!
A JSON text must at least contain two octets!
A JSON text must at least contain two octets!
A JSON text must at least contain two octets!
A JSON text must at least contain two octets!
A JSON text must at least contain two octets!
A JSON text must at least contain two octets!
A JSON text must at least contain two octets!
A JSON text must at least contain two octets!
A JSON text must at least contain two octets!
A JSON text must at least contain two octets!
A JSON text must at least contain two octets!
A JSON text must at least contain two octets!
A JSON text must at least contain two octets!
A JSON text must at least contain two octets!
A JSON text must at least contain two octets!
A JSON text must at least contain two octets!
A JSON text must at least contain two octets!
A JSON text must at least contain two octets!
A JSON text must at least contain two octets!
A JSON text must at least contain two octets!
A JSON text must at least contain two octets!
A JSON text must at least contain two octets!
A JSON text must at least contain two octets!
A JSON text must at least contain two octets!
A JSON text must at least contain two octets!
A JSON text must at least contain two octets!
A JSON text must at least contain two octets!
A JSON text must at least contain two octets!
A JSON text must at least contain two octets!
A JSON text must at least contain two octets!
A JSON text must at least contain two octets!
A JSON text must at least contain two octets!
A JSON text must at least contain two octets!
A JSON text must at least contain two octets!
A JSON text must at least contain two octets!
A JSON text must at least contain two octets!
A JSON text must at least contain two octets!
A JSON text must at least contain two octets!
A JSON text must at least contain two octets!
A JSON text must at least contain two octets!
A JSON text must at least contain two octets!
A JSON text must at least contain two octets!
A JSON text must at least contain two octets!
A JSON text must at least contain two octets!
A JSON text must at least contain two octets!
A JSON text must at least contain two octets!
A JSON text must at least contain two octets!
A JSON text must at least contain two octets!
A JSON text must at least contain two octets!
A JSON text must at least contain two octets!
A JSON text must at least contain two octets!
A JSON text must at least contain two octets!
A JSON text must at least contain two octets!
A JSON text must at least contain two octets!
A JSON text must at least contain two octets!
A JSON text must at least contain two octets!
A JSON text must at least contain two octets!
A JSON text must at least contain two octets!
A JSON text must at least contain two octets!
A JSON text must at least contain two octets!
A JSON text must at least contain two octets!
A JSON text must at least contain two octets!
A JSON text must at least contain two octets!
A JSON text must at least contain two octets!
A JSON text must at least contain two octets!
A JSON text must at least contain two octets!
A JSON text must at least contain two octets!
A JSON text must at least contain two octets!
A JSON text must at least contain two octets!
A JSON text must at least contain two octets!
A JSON text must at least contain two octets!
A JSON text must at least contain two octets!
A JSON text must at least contain two octets!
A JSON text must at least contain two octets!
A JSON text must at least contain two octets!
A JSON text must at least contain two octets!
A JSON text must at least contain two octets!
A JSON text must at least contain two octets!
A JSON text must at least contain two octets!
A JSON text must at least contain two octets!
A JSON text must at least contain two octets!
A JSON text must at least contain two octets!
A JSON text must at least contain two octets!
A JSON text must at least contain two octets!
A JSON text must at least contain two octets!
A JSON text must at least contain two octets!
A JSON text must at least contain two octets!
A JSON text must at least contain two octets!
A JSON text must at least contain two octets!
A JSON text must at least contain two octets!
A JSON text must at least contain two octets!
A JSON text must at least contain two octets!
A JSON text must at least contain two octets!
A JSON text must at least contain two octets!
A JSON text must at least contain two octets!
A JSON text must at least contain two octets!
A JSON text must at least contain two octets!
A JSON text must at least contain two octets!
A JSON text must at least contain two octets!
A JSON text must at least contain two octets!
A JSON text must at least contain two octets!
A JSON text must at least contain two octets!
A JSON text must at least contain two octets!
A JSON text must at least contain two octets!
A JSON text must at least contain two octets!
A JSON text must at least contain two octets!
A JSON text must at least contain two octets!
A JSON text must at least contain two octets!
A JSON text must at least contain two octets!
A JSON text must at least contain two octets!
A JSON text must at least contain two octets!
A JSON text must at least contain two octets!
A JSON text must at least contain two octets!
A JSON text must at least contain two octets!
A JSON text must at least contain two octets!
A JSON text must at least contain two octets!
A JSON text must at least contain two octets!
A JSON text must at least contain two octets!
A JSON text must at least contain two octets!
A JSON text must at least contain two octets!
A JSON text must at least contain two octets!
A JSON text must at least contain two octets!
A JSON text must at least contain two octets!
A JSON text must at least contain two octets!
A JSON text must at least contain two octets!
A JSON text must at least contain two octets!
A JSON text must at least contain two octets!
A JSON text must at least contain two octets!
A JSON text must at least contain two octets!
A JSON text must at least contain two octets!
A JSON text must at least contain two octets!
A JSON text must at least contain two octets!
A JSON text must at least contain two octets!
A JSON text must at least contain two octets!
A JSON text must at least contain two octets!
A JSON text must at least contain two octets!
A JSON text must at least contain two octets!
A JSON text must at least contain two octets!
A JSON text must at least contain two octets!
A JSON text must at least contain two octets!
A JSON text must at least contain two octets!
A JSON text must at least contain two octets!
2016-07-02
Esses negos tudo: 128
2016-07-03
Esses negos tudo: 70
2016-07-04
Esses negos tudo: 273
2016-07-05
Esses negos tudo: 266
2016-07-06
Esses negos tudo: 317
A JSON text must at least contain two octets!
A JSON text must at least contain two octets!
A JSON text must at least contain two octets!
A JSON text must at least contain two octets!
A JSON text must at least contain two octets!
A JSON text must at least contain two octets!
A JSON text must at least contain two octets!
A JSON text must at least contain two octets!
A JSON text must at least contain two octets!
A JSON text must at least contain two octets!
A JSON text must at least contain two octets!
A JSON text must at least contain two octets!
A JSON text must at least contain two octets!
A JSON text must at least contain two octets!
A JSON text must at least contain two octets!
A JSON text must at least contain two octets!
A JSON text must at least contain two octets!
A JSON text must at least contain two octets!
A JSON text must at least contain two octets!
A JSON text must at least contain two octets!
A JSON text must at least contain two octets!
A JSON text must at least contain two octets!
A JSON text must at least contain two octets!
A JSON text must at least contain two octets!
A JSON text must at least contain two octets!
A JSON text must at least contain two octets!
A JSON text must at least contain two octets!
A JSON text must at least contain two octets!
A JSON text must at least contain two octets!
A JSON text must at least contain two octets!
A JSON text must at least contain two octets!
A JSON text must at least contain two octets!
A JSON text must at least contain two octets!
A JSON text must at least contain two octets!
A JSON text must at least contain two octets!
A JSON text must at least contain two octets!
A JSON text must at least contain two octets!
A JSON text must at least contain two octets!
A JSON text must at least contain two octets!
A JSON text must at least contain two octets!
A JSON text must at least contain two octets!
A JSON text must at least contain two octets!
A JSON text must at least contain two octets!
A JSON text must at least contain two octets!
A JSON text must at least contain two octets!
A JSON text must at least contain two octets!
A JSON text must at least contain two octets!
A JSON text must at least contain two octets!
A JSON text must at least contain two octets!
A JSON text must at least contain two octets!
A JSON text must at least contain two octets!
A JSON text must at least contain two octets!
A JSON text must at least contain two octets!
A JSON text must at least contain two octets!
A JSON text must at least contain two octets!
A JSON text must at least contain two octets!
A JSON text must at least contain two octets!
A JSON text must at least contain two octets!
A JSON text must at least contain two octets!
A JSON text must at least contain two octets!
A JSON text must at least contain two octets!
A JSON text must at least contain two octets!
A JSON text must at least contain two octets!
A JSON text must at least contain two octets!
A JSON text must at least contain two octets!
A JSON text must at least contain two octets!
A JSON text must at least contain two octets!
A JSON text must at least contain two octets!
A JSON text must at least contain two octets!
A JSON text must at least contain two octets!
A JSON text must at least contain two octets!
A JSON text must at least contain two octets!
A JSON text must at least contain two octets!
A JSON text must at least contain two octets!
A JSON text must at least contain two octets!
A JSON text must at least contain two octets!
A JSON text must at least contain two octets!
A JSON text must at least contain two octets!
A JSON text must at least contain two octets!
A JSON text must at least contain two octets!
A JSON text must at least contain two octets!
A JSON text must at least contain two octets!
A JSON text must at least contain two octets!
A JSON text must at least contain two octets!
A JSON text must at least contain two octets!
A JSON text must at least contain two octets!
A JSON text must at least contain two octets!
A JSON text must at least contain two octets!
A JSON text must at least contain two octets!
A JSON text must at least contain two octets!
A JSON text must at least contain two octets!
A JSON text must at least contain two octets!
A JSON text must at least contain two octets!
A JSON text must at least contain two octets!
A JSON text must at least contain two octets!
A JSON text must at least contain two octets!
A JSON text must at least contain two octets!
A JSON text must at least contain two octets!
A JSON text must at least contain two octets!
A JSON text must at least contain two octets!
A JSON text must at least contain two octets!
A JSON text must at least contain two octets!
A JSON text must at least contain two octets!
A JSON text must at least contain two octets!
A JSON text must at least contain two octets!
A JSON text must at least contain two octets!
A JSON text must at least contain two octets!
A JSON text must at least contain two octets!
A JSON text must at least contain two octets!
A JSON text must at least contain two octets!
A JSON text must at least contain two octets!
A JSON text must at least contain two octets!
A JSON text must at least contain two octets!
A JSON text must at least contain two octets!
A JSON text must at least contain two octets!
A JSON text must at least contain two octets!
A JSON text must at least contain two octets!
A JSON text must at least contain two octets!
A JSON text must at least contain two octets!
A JSON text must at least contain two octets!
A JSON text must at least contain two octets!
A JSON text must at least contain two octets!
A JSON text must at least contain two octets!
A JSON text must at least contain two octets!
A JSON text must at least contain two octets!
A JSON text must at least contain two octets!
A JSON text must at least contain two octets!
A JSON text must at least contain two octets!
A JSON text must at least contain two octets!
A JSON text must at least contain two octets!
A JSON text must at least contain two octets!
A JSON text must at least contain two octets!
A JSON text must at least contain two octets!
A JSON text must at least contain two octets!
A JSON text must at least contain two octets!
A JSON text must at least contain two octets!
A JSON text must at least contain two octets!
A JSON text must at least contain two octets!
A JSON text must at least contain two octets!
A JSON text must at least contain two octets!
A JSON text must at least contain two octets!
A JSON text must at least contain two octets!
A JSON text must at least contain two octets!
A JSON text must at least contain two octets!
A JSON text must at least contain two octets!
A JSON text must at least contain two octets!
A JSON text must at least contain two octets!
A JSON text must at least contain two octets!
A JSON text must at least contain two octets!
A JSON text must at least contain two octets!
A JSON text must at least contain two octets!
A JSON text must at least contain two octets!
A JSON text must at least contain two octets!
A JSON text must at least contain two octets!
A JSON text must at least contain two octets!
A JSON text must at least contain two octets!
A JSON text must at least contain two octets!
A JSON text must at least contain two octets!
A JSON text must at least contain two octets!
A JSON text must at least contain two octets!
A JSON text must at least contain two octets!
A JSON text must at least contain two octets!
A JSON text must at least contain two octets!
A JSON text must at least contain two octets!
A JSON text must at least contain two octets!
A JSON text must at least contain two octets!
A JSON text must at least contain two octets!
A JSON text must at least contain two octets!
A JSON text must at least contain two octets!
A JSON text must at least contain two octets!
A JSON text must at least contain two octets!
A JSON text must at least contain two octets!
A JSON text must at least contain two octets!
A JSON text must at least contain two octets!
A JSON text must at least contain two octets!
A JSON text must at least contain two octets!
A JSON text must at least contain two octets!
A JSON text must at least contain two octets!
A JSON text must at least contain two octets!
A JSON text must at least contain two octets!
A JSON text must at least contain two octets!
A JSON text must at least contain two octets!
A JSON text must at least contain two octets!
A JSON text must at least contain two octets!
A JSON text must at least contain two octets!
A JSON text must at least contain two octets!
A JSON text must at least contain two octets!
A JSON text must at least contain two octets!
A JSON text must at least contain two octets!
A JSON text must at least contain two octets!
A JSON text must at least contain two octets!
A JSON text must at least contain two octets!
A JSON text must at least contain two octets!
A JSON text must at least contain two octets!
A JSON text must at least contain two octets!
A JSON text must at least contain two octets!
A JSON text must at least contain two octets!
A JSON text must at least contain two octets!
A JSON text must at least contain two octets!
A JSON text must at least contain two octets!
A JSON text must at least contain two octets!
A JSON text must at least contain two octets!
A JSON text must at least contain two octets!
A JSON text must at least contain two octets!
A JSON text must at least contain two octets!
A JSON text must at least contain two octets!
A JSON text must at least contain two octets!
A JSON text must at least contain two octets!
A JSON text must at least contain two octets!
A JSON text must at least contain two octets!
A JSON text must at least contain two octets!
A JSON text must at least contain two octets!
A JSON text must at least contain two octets!
A JSON text must at least contain two octets!
A JSON text must at least contain two octets!
A JSON text must at least contain two octets!
A JSON text must at least contain two octets!
A JSON text must at least contain two octets!
A JSON text must at least contain two octets!
A JSON text must at least contain two octets!
A JSON text must at least contain two octets!
A JSON text must at least contain two octets!
A JSON text must at least contain two octets!
A JSON text must at least contain two octets!
A JSON text must at least contain two octets!
A JSON text must at least contain two octets!
A JSON text must at least contain two octets!
A JSON text must at least contain two octets!
A JSON text must at least contain two octets!
A JSON text must at least contain two octets!
A JSON text must at least contain two octets!
A JSON text must at least contain two octets!
A JSON text must at least contain two octets!
A JSON text must at least contain two octets!
A JSON text must at least contain two octets!
A JSON text must at least contain two octets!
A JSON text must at least contain two octets!
A JSON text must at least contain two octets!
784: unexpected token at '<html>
<head><title>404 Not Found</title></head>
<body bgcolor="white">
<center><h1>404 Not Found</h1></center>
<hr><center>nginx/1.6.2</center>
</body>
</html>
'
784: unexpected token at '<html>
<head><title>404 Not Found</title></head>
<body bgcolor="white">
<center><h1>404 Not Found</h1></center>
<hr><center>nginx/1.6.2</center>
</body>
</html>
'
784: unexpected token at '<html>
<head><title>404 Not Found</title></head>
<body bgcolor="white">
<center><h1>404 Not Found</h1></center>
<hr><center>nginx/1.6.2</center>
</body>
</html>
'
784: unexpected token at '<html>
<head><title>404 Not Found</title></head>
<body bgcolor="white">
<center><h1>404 Not Found</h1></center>
<hr><center>nginx/1.6.2</center>
</body>
</html>
'
784: unexpected token at '<html>
<head><title>404 Not Found</title></head>
<body bgcolor="white">
<center><h1>404 Not Found</h1></center>
<hr><center>nginx/1.6.2</center>
</body>
</html>
'
784: unexpected token at '<html>
<head><title>404 Not Found</title></head>
<body bgcolor="white">
<center><h1>404 Not Found</h1></center>
<hr><center>nginx/1.6.2</center>
</body>
</html>
'
784: unexpected token at '<html>
<head><title>404 Not Found</title></head>
<body bgcolor="white">
<center><h1>404 Not Found</h1></center>
<hr><center>nginx/1.6.2</center>
</body>
</html>
'
784: unexpected token at '<html>
<head><title>404 Not Found</title></head>
<body bgcolor="white">
<center><h1>404 Not Found</h1></center>
<hr><center>nginx/1.6.2</center>
</body>
</html>
'
784: unexpected token at '<html>
<head><title>404 Not Found</title></head>
<body bgcolor="white">
<center><h1>404 Not Found</h1></center>
<hr><center>nginx/1.6.2</center>
</body>
</html>
'
A JSON text must at least contain two octets!
A JSON text must at least contain two octets!
A JSON text must at least contain two octets!
A JSON text must at least contain two octets!
A JSON text must at least contain two octets!
A JSON text must at least contain two octets!
A JSON text must at least contain two octets!
A JSON text must at least contain two octets!
A JSON text must at least contain two octets!
A JSON text must at least contain two octets!
A JSON text must at least contain two octets!
A JSON text must at least contain two octets!
A JSON text must at least contain two octets!
A JSON text must at least contain two octets!
A JSON text must at least contain two octets!
A JSON text must at least contain two octets!
A JSON text must at least contain two octets!
A JSON text must at least contain two octets!
A JSON text must at least contain two octets!
A JSON text must at least contain two octets!
A JSON text must at least contain two octets!
A JSON text must at least contain two octets!
A JSON text must at least contain two octets!
A JSON text must at least contain two octets!
A JSON text must at least contain two octets!
A JSON text must at least contain two octets!
A JSON text must at least contain two octets!
A JSON text must at least contain two octets!
A JSON text must at least contain two octets!
A JSON text must at least contain two octets!
A JSON text must at least contain two octets!
A JSON text must at least contain two octets!
A JSON text must at least contain two octets!
A JSON text must at least contain two octets!
A JSON text must at least contain two octets!
A JSON text must at least contain two octets!
A JSON text must at least contain two octets!
A JSON text must at least contain two octets!
A JSON text must at least contain two octets!
A JSON text must at least contain two octets!
A JSON text must at least contain two octets!
A JSON text must at least contain two octets!
A JSON text must at least contain two octets!
A JSON text must at least contain two octets!
A JSON text must at least contain two octets!
A JSON text must at least contain two octets!
A JSON text must at least contain two octets!
A JSON text must at least contain two octets!
A JSON text must at least contain two octets!
A JSON text must at least contain two octets!
A JSON text must at least contain two octets!
A JSON text must at least contain two octets!
A JSON text must at least contain two octets!
A JSON text must at least contain two octets!
A JSON text must at least contain two octets!
A JSON text must at least contain two octets!
A JSON text must at least contain two octets!
A JSON text must at least contain two octets!
A JSON text must at least contain two octets!
A JSON text must at least contain two octets!
A JSON text must at least contain two octets!
A JSON text must at least contain two octets!
A JSON text must at least contain two octets!
A JSON text must at least contain two octets!
A JSON text must at least contain two octets!
A JSON text must at least contain two octets!
A JSON text must at least contain two octets!
A JSON text must at least contain two octets!
A JSON text must at least contain two octets!
A JSON text must at least contain two octets!
A JSON text must at least contain two octets!
A JSON text must at least contain two octets!
A JSON text must at least contain two octets!
A JSON text must at least contain two octets!
A JSON text must at least contain two octets!
A JSON text must at least contain two octets!
A JSON text must at least contain two octets!
A JSON text must at least contain two octets!
A JSON text must at least contain two octets!
A JSON text must at least contain two octets!
A JSON text must at least contain two octets!
A JSON text must at least contain two octets!
A JSON text must at least contain two octets!
A JSON text must at least contain two octets!
A JSON text must at least contain two octets!
A JSON text must at least contain two octets!
A JSON text must at least contain two octets!
A JSON text must at least contain two octets!
A JSON text must at least contain two octets!
A JSON text must at least contain two octets!
A JSON text must at least contain two octets!
A JSON text must at least contain two octets!
A JSON text must at least contain two octets!
A JSON text must at least contain two octets!
A JSON text must at least contain two octets!
A JSON text must at least contain two octets!
A JSON text must at least contain two octets!
A JSON text must at least contain two octets!
A JSON text must at least contain two octets!
A JSON text must at least contain two octets!
A JSON text must at least contain two octets!
A JSON text must at least contain two octets!
A JSON text must at least contain two octets!
A JSON text must at least contain two octets!
2016-07-07
Esses negos tudo: 249
2016-07-08
Esses negos tudo: 283
2016-07-09
Esses negos tudo: 155
2016-07-10
Esses negos tudo: 144
A JSON text must at least contain two octets!
2016-07-11
Esses negos tudo: 293
A JSON text must at least contain two octets!
2016-07-12
Esses negos tudo: 263
2016-07-13
Esses negos tudo: 327
2016-07-14
Esses negos tudo: 270
784: unexpected token at '<html>
<head><title>404 Not Found</title></head>
<body bgcolor="white">
<center><h1>404 Not Found</h1></center>
<hr><center>nginx/1.6.2</center>
</body>
</html>
'
784: unexpected token at '<html>
<head><title>404 Not Found</title></head>
<body bgcolor="white">
<center><h1>404 Not Found</h1></center>
<hr><center>nginx/1.6.2</center>
</body>
</html>
'
784: unexpected token at '<html>
<head><title>404 Not Found</title></head>
<body bgcolor="white">
<center><h1>404 Not Found</h1></center>
<hr><center>nginx/1.8.0</center>
</body>
</html>
'
784: unexpected token at '<html>
<head><title>404 Not Found</title></head>
<body bgcolor="white">
<center><h1>404 Not Found</h1></center>
<hr><center>nginx/1.6.2</center>
</body>
</html>
'
784: unexpected token at '<html>
<head><title>404 Not Found</title></head>
<body bgcolor="white">
<center><h1>404 Not Found</h1></center>
<hr><center>nginx/1.6.2</center>
</body>
</html>
'
784: unexpected token at '<html>
<head><title>404 Not Found</title></head>
<body bgcolor="white">
<center><h1>404 Not Found</h1></center>
<hr><center>nginx/1.6.2</center>
</body>
</html>
'
784: unexpected token at '<html>
<head><title>404 Not Found</title></head>
<body bgcolor="white">
<center><h1>404 Not Found</h1></center>
<hr><center>nginx/1.6.2</center>
</body>
</html>
'
784: unexpected token at '<html>
<head><title>404 Not Found</title></head>
<body bgcolor="white">
<center><h1>404 Not Found</h1></center>
<hr><center>nginx/1.6.2</center>
</body>
</html>
'
784: unexpected token at '<html>
<head><title>404 Not Found</title></head>
<body bgcolor="white">
<center><h1>404 Not Found</h1></center>
<hr><center>nginx/1.8.0</center>
</body>
</html>
'
784: unexpected token at '<html>
<head><title>404 Not Found</title></head>
<body bgcolor="white">
<center><h1>404 Not Found</h1></center>
<hr><center>nginx/1.6.2</center>
</body>
</html>
'
784: unexpected token at '<html>
<head><title>404 Not Found</title></head>
<body bgcolor="white">
<center><h1>404 Not Found</h1></center>
<hr><center>nginx/1.6.2</center>
</body>
</html>
'
784: unexpected token at '<html>
<head><title>404 Not Found</title></head>
<body bgcolor="white">
<center><h1>404 Not Found</h1></center>
<hr><center>nginx/1.8.0</center>
</body>
</html>
'
784: unexpected token at '<html>
<head><title>404 Not Found</title></head>
<body bgcolor="white">
<center><h1>404 Not Found</h1></center>
<hr><center>nginx/1.6.2</center>
</body>
</html>
'
784: unexpected token at '<html>
<head><title>404 Not Found</title></head>
<body bgcolor="white">
<center><h1>404 Not Found</h1></center>
<hr><center>nginx/1.8.0</center>
</body>
</html>
'
784: unexpected token at '<html>
<head><title>404 Not Found</title></head>
<body bgcolor="white">
<center><h1>404 Not Found</h1></center>
<hr><center>nginx/1.6.2</center>
</body>
</html>
'
784: unexpected token at '<html>
<head><title>404 Not Found</title></head>
<body bgcolor="white">
<center><h1>404 Not Found</h1></center>
<hr><center>nginx/1.6.2</center>
</body>
</html>
'
784: unexpected token at '<html>
<head><title>404 Not Found</title></head>
<body bgcolor="white">
<center><h1>404 Not Found</h1></center>
<hr><center>nginx/1.8.0</center>
</body>
</html>
'
784: unexpected token at '<html>
<head><title>404 Not Found</title></head>
<body bgcolor="white">
<center><h1>404 Not Found</h1></center>
<hr><center>nginx/1.6.2</center>
</body>
</html>
'
784: unexpected token at '<html>
<head><title>404 Not Found</title></head>
<body bgcolor="white">
<center><h1>404 Not Found</h1></center>
<hr><center>nginx/1.6.2</center>
</body>
</html>
'
784: unexpected token at '<html>
<head><title>404 Not Found</title></head>
<body bgcolor="white">
<center><h1>404 Not Found</h1></center>
<hr><center>nginx/1.6.2</center>
</body>
</html>
'
784: unexpected token at '<html>
<head><title>404 Not Found</title></head>
<body bgcolor="white">
<center><h1>404 Not Found</h1></center>
<hr><center>nginx/1.6.2</center>
</body>
</html>
'
784: unexpected token at '<html>
<head><title>404 Not Found</title></head>
<body bgcolor="white">
<center><h1>404 Not Found</h1></center>
<hr><center>nginx/1.6.2</center>
</body>
</html>
'
784: unexpected token at '<html>
<head><title>404 Not Found</title></head>
<body bgcolor="white">
<center><h1>404 Not Found</h1></center>
<hr><center>nginx/1.6.2</center>
</body>
</html>
'
784: unexpected token at '<html>
<head><title>404 Not Found</title></head>
<body bgcolor="white">
<center><h1>404 Not Found</h1></center>
<hr><center>nginx/1.6.2</center>
</body>
</html>
'
784: unexpected token at '<html>
<head><title>404 Not Found</title></head>
<body bgcolor="white">
<center><h1>404 Not Found</h1></center>
<hr><center>nginx/1.6.2</center>
</body>
</html>
'
784: unexpected token at '<html>
<head><title>404 Not Found</title></head>
<body bgcolor="white">
<center><h1>404 Not Found</h1></center>
<hr><center>nginx/1.6.2</center>
</body>
</html>
'
784: unexpected token at '<html>
<head><title>404 Not Found</title></head>
<body bgcolor="white">
<center><h1>404 Not Found</h1></center>
<hr><center>nginx/1.6.2</center>
</body>
</html>
'
784: unexpected token at '<html>
<head><title>404 Not Found</title></head>
<body bgcolor="white">
<center><h1>404 Not Found</h1></center>
<hr><center>nginx/1.6.2</center>
</body>
</html>
'
784: unexpected token at '<html>
<head><title>404 Not Found</title></head>
<body bgcolor="white">
<center><h1>404 Not Found</h1></center>
<hr><center>nginx/1.6.2</center>
</body>
</html>
'
784: unexpected token at '<html>
<head><title>404 Not Found</title></head>
<body bgcolor="white">
<center><h1>404 Not Found</h1></center>
<hr><center>nginx/1.6.2</center>
</body>
</html>
'
784: unexpected token at '<html>
<head><title>404 Not Found</title></head>
<body bgcolor="white">
<center><h1>404 Not Found</h1></center>
<hr><center>nginx/1.8.0</center>
</body>
</html>
'
784: unexpected token at '<html>
<head><title>404 Not Found</title></head>
<body bgcolor="white">
<center><h1>404 Not Found</h1></center>
<hr><center>nginx/1.6.2</center>
</body>
</html>
'
784: unexpected token at '<html>
<head><title>404 Not Found</title></head>
<body bgcolor="white">
<center><h1>404 Not Found</h1></center>
<hr><center>nginx/1.6.2</center>
</body>
</html>
'
784: unexpected token at '<html>
<head><title>404 Not Found</title></head>
<body bgcolor="white">
<center><h1>404 Not Found</h1></center>
<hr><center>nginx/1.6.2</center>
</body>
</html>
'
784: unexpected token at '<html>
<head><title>404 Not Found</title></head>
<body bgcolor="white">
<center><h1>404 Not Found</h1></center>
<hr><center>nginx/1.6.2</center>
</body>
</html>
'
784: unexpected token at '<html>
<head><title>404 Not Found</title></head>
<body bgcolor="white">
<center><h1>404 Not Found</h1></center>
<hr><center>nginx/1.8.0</center>
</body>
</html>
'
784: unexpected token at '<html>
<head><title>404 Not Found</title></head>
<body bgcolor="white">
<center><h1>404 Not Found</h1></center>
<hr><center>nginx/1.6.2</center>
</body>
</html>
'
784: unexpected token at '<html>
<head><title>404 Not Found</title></head>
<body bgcolor="white">
<center><h1>404 Not Found</h1></center>
<hr><center>nginx/1.6.2</center>
</body>
</html>
'
784: unexpected token at '<html>
<head><title>404 Not Found</title></head>
<body bgcolor="white">
<center><h1>404 Not Found</h1></center>
<hr><center>nginx/1.6.2</center>
</body>
</html>
'
784: unexpected token at '<html>
<head><title>404 Not Found</title></head>
<body bgcolor="white">
<center><h1>404 Not Found</h1></center>
<hr><center>nginx/1.6.2</center>
</body>
</html>
'
784: unexpected token at '<html>
<head><title>404 Not Found</title></head>
<body bgcolor="white">
<center><h1>404 Not Found</h1></center>
<hr><center>nginx/1.6.2</center>
</body>
</html>
'
784: unexpected token at '<html>
<head><title>404 Not Found</title></head>
<body bgcolor="white">
<center><h1>404 Not Found</h1></center>
<hr><center>nginx/1.6.2</center>
</body>
</html>
'
784: unexpected token at '<html>
<head><title>404 Not Found</title></head>
<body bgcolor="white">
<center><h1>404 Not Found</h1></center>
<hr><center>nginx/1.6.2</center>
</body>
</html>
'
784: unexpected token at '<html>
<head><title>404 Not Found</title></head>
<body bgcolor="white">
<center><h1>404 Not Found</h1></center>
<hr><center>nginx/1.6.2</center>
</body>
</html>
'
784: unexpected token at '<html>
<head><title>404 Not Found</title></head>
<body bgcolor="white">
<center><h1>404 Not Found</h1></center>
<hr><center>nginx/1.6.2</center>
</body>
</html>
'
784: unexpected token at '<html>
<head><title>404 Not Found</title></head>
<body bgcolor="white">
<center><h1>404 Not Found</h1></center>
<hr><center>nginx/1.6.2</center>
</body>
</html>
'
784: unexpected token at '<html>
<head><title>404 Not Found</title></head>
<body bgcolor="white">
<center><h1>404 Not Found</h1></center>
<hr><center>nginx/1.6.2</center>
</body>
</html>
'
784: unexpected token at '<html>
<head><title>404 Not Found</title></head>
<body bgcolor="white">
<center><h1>404 Not Found</h1></center>
<hr><center>nginx/1.6.2</center>
</body>
</html>
'
784: unexpected token at '<html>
<head><title>404 Not Found</title></head>
<body bgcolor="white">
<center><h1>404 Not Found</h1></center>
<hr><center>nginx/1.6.2</center>
</body>
</html>
'
784: unexpected token at '<html>
<head><title>404 Not Found</title></head>
<body bgcolor="white">
<center><h1>404 Not Found</h1></center>
<hr><center>nginx/1.6.2</center>
</body>
</html>
'
784: unexpected token at '<html>
<head><title>404 Not Found</title></head>
<body bgcolor="white">
<center><h1>404 Not Found</h1></center>
<hr><center>nginx/1.6.2</center>
</body>
</html>
'
784: unexpected token at '<html>
<head><title>404 Not Found</title></head>
<body bgcolor="white">
<center><h1>404 Not Found</h1></center>
<hr><center>nginx/1.6.2</center>
</body>
</html>
'
784: unexpected token at '<html>
<head><title>404 Not Found</title></head>
<body bgcolor="white">
<center><h1>404 Not Found</h1></center>
<hr><center>nginx/1.6.2</center>
</body>
</html>
'
784: unexpected token at '<html>
<head><title>404 Not Found</title></head>
<body bgcolor="white">
<center><h1>404 Not Found</h1></center>
<hr><center>nginx/1.8.0</center>
</body>
</html>
'
784: unexpected token at '<html>
<head><title>404 Not Found</title></head>
<body bgcolor="white">
<center><h1>404 Not Found</h1></center>
<hr><center>nginx/1.6.2</center>
</body>
</html>
'
784: unexpected token at '<html>
<head><title>404 Not Found</title></head>
<body bgcolor="white">
<center><h1>404 Not Found</h1></center>
<hr><center>nginx/1.6.2</center>
</body>
</html>
'
784: unexpected token at '<html>
<head><title>404 Not Found</title></head>
<body bgcolor="white">
<center><h1>404 Not Found</h1></center>
<hr><center>nginx/1.8.0</center>
</body>
</html>
'
784: unexpected token at '<html>
<head><title>404 Not Found</title></head>
<body bgcolor="white">
<center><h1>404 Not Found</h1></center>
<hr><center>nginx/1.6.2</center>
</body>
</html>
'
784: unexpected token at '<html>
<head><title>404 Not Found</title></head>
<body bgcolor="white">
<center><h1>404 Not Found</h1></center>
<hr><center>nginx/1.6.2</center>
</body>
</html>
'
784: unexpected token at '<html>
<head><title>404 Not Found</title></head>
<body bgcolor="white">
<center><h1>404 Not Found</h1></center>
<hr><center>nginx/1.8.0</center>
</body>
</html>
'
784: unexpected token at '<html>
<head><title>404 Not Found</title></head>
<body bgcolor="white">
<center><h1>404 Not Found</h1></center>
<hr><center>nginx/1.6.2</center>
</body>
</html>
'
784: unexpected token at '<html>
<head><title>404 Not Found</title></head>
<body bgcolor="white">
<center><h1>404 Not Found</h1></center>
<hr><center>nginx/1.6.2</center>
</body>
</html>
'
784: unexpected token at '<html>
<head><title>404 Not Found</title></head>
<body bgcolor="white">
<center><h1>404 Not Found</h1></center>
<hr><center>nginx/1.6.2</center>
</body>
</html>
'
784: unexpected token at '<html>
<head><title>404 Not Found</title></head>
<body bgcolor="white">
<center><h1>404 Not Found</h1></center>
<hr><center>nginx/1.8.0</center>
</body>
</html>
'
784: unexpected token at '<html>
<head><title>404 Not Found</title></head>
<body bgcolor="white">
<center><h1>404 Not Found</h1></center>
<hr><center>nginx/1.6.2</center>
</body>
</html>
'
784: unexpected token at '<html>
<head><title>404 Not Found</title></head>
<body bgcolor="white">
<center><h1>404 Not Found</h1></center>
<hr><center>nginx/1.6.2</center>
</body>
</html>
'
784: unexpected token at '<html>
<head><title>404 Not Found</title></head>
<body bgcolor="white">
<center><h1>404 Not Found</h1></center>
<hr><center>nginx/1.6.2</center>
</body>
</html>
'
784: unexpected token at '<html>
<head><title>404 Not Found</title></head>
<body bgcolor="white">
<center><h1>404 Not Found</h1></center>
<hr><center>nginx/1.6.2</center>
</body>
</html>
'
784: unexpected token at '<html>
<head><title>404 Not Found</title></head>
<body bgcolor="white">
<center><h1>404 Not Found</h1></center>
<hr><center>nginx/1.6.2</center>
</body>
</html>
'
784: unexpected token at '<html>
<head><title>404 Not Found</title></head>
<body bgcolor="white">
<center><h1>404 Not Found</h1></center>
<hr><center>nginx/1.8.0</center>
</body>
</html>
'
784: unexpected token at '<html>
<head><title>404 Not Found</title></head>
<body bgcolor="white">
<center><h1>404 Not Found</h1></center>
<hr><center>nginx/1.6.2</center>
</body>
</html>
'
784: unexpected token at '<html>
<head><title>404 Not Found</title></head>
<body bgcolor="white">
<center><h1>404 Not Found</h1></center>
<hr><center>nginx/1.6.2</center>
</body>
</html>
'
784: unexpected token at '<html>
<head><title>404 Not Found</title></head>
<body bgcolor="white">
<center><h1>404 Not Found</h1></center>
<hr><center>nginx/1.6.2</center>
</body>
</html>
'
784: unexpected token at '<html>
<head><title>404 Not Found</title></head>
<body bgcolor="white">
<center><h1>404 Not Found</h1></center>
<hr><center>nginx/1.6.2</center>
</body>
</html>
'
784: unexpected token at '<html>
<head><title>404 Not Found</title></head>
<body bgcolor="white">
<center><h1>404 Not Found</h1></center>
<hr><center>nginx/1.6.2</center>
</body>
</html>
'
784: unexpected token at '<html>
<head><title>404 Not Found</title></head>
<body bgcolor="white">
<center><h1>404 Not Found</h1></center>
<hr><center>nginx/1.6.2</center>
</body>
</html>
'
784: unexpected token at '<html>
<head><title>404 Not Found</title></head>
<body bgcolor="white">
<center><h1>404 Not Found</h1></center>
<hr><center>nginx/1.6.2</center>
</body>
</html>
'
784: unexpected token at '<html>
<head><title>404 Not Found</title></head>
<body bgcolor="white">
<center><h1>404 Not Found</h1></center>
<hr><center>nginx/1.6.2</center>
</body>
</html>
'
784: unexpected token at '<html>
<head><title>404 Not Found</title></head>
<body bgcolor="white">
<center><h1>404 Not Found</h1></center>
<hr><center>nginx/1.6.2</center>
</body>
</html>
'
784: unexpected token at '<html>
<head><title>404 Not Found</title></head>
<body bgcolor="white">
<center><h1>404 Not Found</h1></center>
<hr><center>nginx/1.8.0</center>
</body>
</html>
'
784: unexpected token at '<html>
<head><title>404 Not Found</title></head>
<body bgcolor="white">
<center><h1>404 Not Found</h1></center>
<hr><center>nginx/1.6.2</center>
</body>
</html>
'
784: unexpected token at '<html>
<head><title>404 Not Found</title></head>
<body bgcolor="white">
<center><h1>404 Not Found</h1></center>
<hr><center>nginx/1.8.0</center>
</body>
</html>
'
784: unexpected token at '<html>
<head><title>404 Not Found</title></head>
<body bgcolor="white">
<center><h1>404 Not Found</h1></center>
<hr><center>nginx/1.8.0</center>
</body>
</html>
'
784: unexpected token at '<html>
<head><title>404 Not Found</title></head>
<body bgcolor="white">
<center><h1>404 Not Found</h1></center>
<hr><center>nginx/1.6.2</center>
</body>
</html>
'
784: unexpected token at '<html>
<head><title>404 Not Found</title></head>
<body bgcolor="white">
<center><h1>404 Not Found</h1></center>
<hr><center>nginx/1.6.2</center>
</body>
</html>
'
784: unexpected token at '<html>
<head><title>404 Not Found</title></head>
<body bgcolor="white">
<center><h1>404 Not Found</h1></center>
<hr><center>nginx/1.6.2</center>
</body>
</html>
'
784: unexpected token at '<html>
<head><title>404 Not Found</title></head>
<body bgcolor="white">
<center><h1>404 Not Found</h1></center>
<hr><center>nginx/1.6.2</center>
</body>
</html>
'
784: unexpected token at '<html>
<head><title>404 Not Found</title></head>
<body bgcolor="white">
<center><h1>404 Not Found</h1></center>
<hr><center>nginx/1.6.2</center>
</body>
</html>
'
784: unexpected token at '<html>
<head><title>404 Not Found</title></head>
<body bgcolor="white">
<center><h1>404 Not Found</h1></center>
<hr><center>nginx/1.8.0</center>
</body>
</html>
'
784: unexpected token at '<html>
<head><title>404 Not Found</title></head>
<body bgcolor="white">
<center><h1>404 Not Found</h1></center>
<hr><center>nginx/1.8.0</center>
</body>
</html>
'
784: unexpected token at '<html>
<head><title>404 Not Found</title></head>
<body bgcolor="white">
<center><h1>404 Not Found</h1></center>
<hr><center>nginx/1.8.0</center>
</body>
</html>
'
784: unexpected token at '<html>
<head><title>404 Not Found</title></head>
<body bgcolor="white">
<center><h1>404 Not Found</h1></center>
<hr><center>nginx/1.6.2</center>
</body>
</html>
'
784: unexpected token at '<html>
<head><title>404 Not Found</title></head>
<body bgcolor="white">
<center><h1>404 Not Found</h1></center>
<hr><center>nginx/1.6.2</center>
</body>
</html>
'
784: unexpected token at '<html>
<head><title>404 Not Found</title></head>
<body bgcolor="white">
<center><h1>404 Not Found</h1></center>
<hr><center>nginx/1.8.0</center>
</body>
</html>
'
784: unexpected token at '<html>
<head><title>404 Not Found</title></head>
<body bgcolor="white">
<center><h1>404 Not Found</h1></center>
<hr><center>nginx/1.8.0</center>
</body>
</html>
'
784: unexpected token at '<html>
<head><title>404 Not Found</title></head>
<body bgcolor="white">
<center><h1>404 Not Found</h1></center>
<hr><center>nginx/1.6.2</center>
</body>
</html>
'
784: unexpected token at '<html>
<head><title>404 Not Found</title></head>
<body bgcolor="white">
<center><h1>404 Not Found</h1></center>
<hr><center>nginx/1.6.2</center>
</body>
</html>
'
784: unexpected token at '<html>
<head><title>404 Not Found</title></head>
<body bgcolor="white">
<center><h1>404 Not Found</h1></center>
<hr><center>nginx/1.6.2</center>
</body>
</html>
'
784: unexpected token at '<html>
<head><title>404 Not Found</title></head>
<body bgcolor="white">
<center><h1>404 Not Found</h1></center>
<hr><center>nginx/1.6.2</center>
</body>
</html>
'
784: unexpected token at '<html>
<head><title>404 Not Found</title></head>
<body bgcolor="white">
<center><h1>404 Not Found</h1></center>
<hr><center>nginx/1.6.2</center>
</body>
</html>
'
784: unexpected token at '<html>
<head><title>404 Not Found</title></head>
<body bgcolor="white">
<center><h1>404 Not Found</h1></center>
<hr><center>nginx/1.8.0</center>
</body>
</html>
'
784: unexpected token at '<html>
<head><title>404 Not Found</title></head>
<body bgcolor="white">
<center><h1>404 Not Found</h1></center>
<hr><center>nginx/1.6.2</center>
</body>
</html>
'
784: unexpected token at '<html>
<head><title>404 Not Found</title></head>
<body bgcolor="white">
<center><h1>404 Not Found</h1></center>
<hr><center>nginx/1.6.2</center>
</body>
</html>
'
784: unexpected token at '<html>
<head><title>404 Not Found</title></head>
<body bgcolor="white">
<center><h1>404 Not Found</h1></center>
<hr><center>nginx/1.8.0</center>
</body>
</html>
'
784: unexpected token at '<html>
<head><title>404 Not Found</title></head>
<body bgcolor="white">
<center><h1>404 Not Found</h1></center>
<hr><center>nginx/1.6.2</center>
</body>
</html>
'
784: unexpected token at '<html>
<head><title>404 Not Found</title></head>
<body bgcolor="white">
<center><h1>404 Not Found</h1></center>
<hr><center>nginx/1.6.2</center>
</body>
</html>
'
784: unexpected token at '<html>
<head><title>404 Not Found</title></head>
<body bgcolor="white">
<center><h1>404 Not Found</h1></center>
<hr><center>nginx/1.8.0</center>
</body>
</html>
'
784: unexpected token at '<html>
<head><title>404 Not Found</title></head>
<body bgcolor="white">
<center><h1>404 Not Found</h1></center>
<hr><center>nginx/1.6.2</center>
</body>
</html>
'
784: unexpected token at '<html>
<head><title>404 Not Found</title></head>
<body bgcolor="white">
<center><h1>404 Not Found</h1></center>
<hr><center>nginx/1.6.2</center>
</body>
</html>
'
784: unexpected token at '<html>
<head><title>404 Not Found</title></head>
<body bgcolor="white">
<center><h1>404 Not Found</h1></center>
<hr><center>nginx/1.6.2</center>
</body>
</html>
'
784: unexpected token at '<html>
<head><title>404 Not Found</title></head>
<body bgcolor="white">
<center><h1>404 Not Found</h1></center>
<hr><center>nginx/1.8.0</center>
</body>
</html>
'
784: unexpected token at '<html>
<head><title>404 Not Found</title></head>
<body bgcolor="white">
<center><h1>404 Not Found</h1></center>
<hr><center>nginx/1.6.2</center>
</body>
</html>
'
784: unexpected token at '<html>
<head><title>404 Not Found</title></head>
<body bgcolor="white">
<center><h1>404 Not Found</h1></center>
<hr><center>nginx/1.6.2</center>
</body>
</html>
'
784: unexpected token at '<html>
<head><title>404 Not Found</title></head>
<body bgcolor="white">
<center><h1>404 Not Found</h1></center>
<hr><center>nginx/1.6.2</center>
</body>
</html>
'
784: unexpected token at '<html>
<head><title>404 Not Found</title></head>
<body bgcolor="white">
<center><h1>404 Not Found</h1></center>
<hr><center>nginx/1.6.2</center>
</body>
</html>
'
784: unexpected token at '<html>
<head><title>404 Not Found</title></head>
<body bgcolor="white">
<center><h1>404 Not Found</h1></center>
<hr><center>nginx/1.8.0</center>
</body>
</html>
'
784: unexpected token at '<html>
<head><title>404 Not Found</title></head>
<body bgcolor="white">
<center><h1>404 Not Found</h1></center>
<hr><center>nginx/1.6.2</center>
</body>
</html>
'
784: unexpected token at '<html>
<head><title>404 Not Found</title></head>
<body bgcolor="white">
<center><h1>404 Not Found</h1></center>
<hr><center>nginx/1.6.2</center>
</body>
</html>
'
784: unexpected token at '<html>
<head><title>404 Not Found</title></head>
<body bgcolor="white">
<center><h1>404 Not Found</h1></center>
<hr><center>nginx/1.6.2</center>
</body>
</html>
'
784: unexpected token at '<html>
<head><title>404 Not Found</title></head>
<body bgcolor="white">
<center><h1>404 Not Found</h1></center>
<hr><center>nginx/1.6.2</center>
</body>
</html>
'
784: unexpected token at '<html>
<head><title>404 Not Found</title></head>
<body bgcolor="white">
<center><h1>404 Not Found</h1></center>
<hr><center>nginx/1.6.2</center>
</body>
</html>
'
784: unexpected token at '<html>
<head><title>404 Not Found</title></head>
<body bgcolor="white">
<center><h1>404 Not Found</h1></center>
<hr><center>nginx/1.6.2</center>
</body>
</html>
'
784: unexpected token at '<html>
<head><title>404 Not Found</title></head>
<body bgcolor="white">
<center><h1>404 Not Found</h1></center>
<hr><center>nginx/1.8.0</center>
</body>
</html>
'
784: unexpected token at '<html>
<head><title>404 Not Found</title></head>
<body bgcolor="white">
<center><h1>404 Not Found</h1></center>
<hr><center>nginx/1.6.2</center>
</body>
</html>
'
784: unexpected token at '<html>
<head><title>404 Not Found</title></head>
<body bgcolor="white">
<center><h1>404 Not Found</h1></center>
<hr><center>nginx/1.6.2</center>
</body>
</html>
'
784: unexpected token at '<html>
<head><title>404 Not Found</title></head>
<body bgcolor="white">
<center><h1>404 Not Found</h1></center>
<hr><center>nginx/1.6.2</center>
</body>
</html>
'
784: unexpected token at '<html>
<head><title>404 Not Found</title></head>
<body bgcolor="white">
<center><h1>404 Not Found</h1></center>
<hr><center>nginx/1.6.2</center>
</body>
</html>
'
784: unexpected token at '<html>
<head><title>404 Not Found</title></head>
<body bgcolor="white">
<center><h1>404 Not Found</h1></center>
<hr><center>nginx/1.6.2</center>
</body>
</html>
'
784: unexpected token at '<html>
<head><title>404 Not Found</title></head>
<body bgcolor="white">
<center><h1>404 Not Found</h1></center>
<hr><center>nginx/1.8.0</center>
</body>
</html>
'
784: unexpected token at '<html>
<head><title>404 Not Found</title></head>
<body bgcolor="white">
<center><h1>404 Not Found</h1></center>
<hr><center>nginx/1.6.2</center>
</body>
</html>
'
784: unexpected token at '<html>
<head><title>404 Not Found</title></head>
<body bgcolor="white">
<center><h1>404 Not Found</h1></center>
<hr><center>nginx/1.8.0</center>
</body>
</html>
'
784: unexpected token at '<html>
<head><title>404 Not Found</title></head>
<body bgcolor="white">
<center><h1>404 Not Found</h1></center>
<hr><center>nginx/1.6.2</center>
</body>
</html>
'
784: unexpected token at '<html>
<head><title>404 Not Found</title></head>
<body bgcolor="white">
<center><h1>404 Not Found</h1></center>
<hr><center>nginx/1.6.2</center>
</body>
</html>
'
784: unexpected token at '<html>
<head><title>404 Not Found</title></head>
<body bgcolor="white">
<center><h1>404 Not Found</h1></center>
<hr><center>nginx/1.6.2</center>
</body>
</html>
'
784: unexpected token at '<html>
<head><title>404 Not Found</title></head>
<body bgcolor="white">
<center><h1>404 Not Found</h1></center>
<hr><center>nginx/1.8.0</center>
</body>
</html>
'
784: unexpected token at '<html>
<head><title>404 Not Found</title></head>
<body bgcolor="white">
<center><h1>404 Not Found</h1></center>
<hr><center>nginx/1.8.0</center>
</body>
</html>
'
784: unexpected token at '<html>
<head><title>404 Not Found</title></head>
<body bgcolor="white">
<center><h1>404 Not Found</h1></center>
<hr><center>nginx/1.8.0</center>
</body>
</html>
'
784: unexpected token at '<html>
<head><title>404 Not Found</title></head>
<body bgcolor="white">
<center><h1>404 Not Found</h1></center>
<hr><center>nginx/1.6.2</center>
</body>
</html>
'
784: unexpected token at '<html>
<head><title>404 Not Found</title></head>
<body bgcolor="white">
<center><h1>404 Not Found</h1></center>
<hr><center>nginx/1.8.0</center>
</body>
</html>
'
784: unexpected token at '<html>
<head><title>404 Not Found</title></head>
<body bgcolor="white">
<center><h1>404 Not Found</h1></center>
<hr><center>nginx/1.6.2</center>
</body>
</html>
'
784: unexpected token at '<html>
<head><title>404 Not Found</title></head>
<body bgcolor="white">
<center><h1>404 Not Found</h1></center>
<hr><center>nginx/1.6.2</center>
</body>
</html>
'
784: unexpected token at '<html>
<head><title>404 Not Found</title></head>
<body bgcolor="white">
<center><h1>404 Not Found</h1></center>
<hr><center>nginx/1.6.2</center>
</body>
</html>
'
784: unexpected token at '<html>
<head><title>404 Not Found</title></head>
<body bgcolor="white">
<center><h1>404 Not Found</h1></center>
<hr><center>nginx/1.6.2</center>
</body>
</html>
'
784: unexpected token at '<html>
<head><title>404 Not Found</title></head>
<body bgcolor="white">
<center><h1>404 Not Found</h1></center>
<hr><center>nginx/1.8.0</center>
</body>
</html>
'
784: unexpected token at '<html>
<head><title>404 Not Found</title></head>
<body bgcolor="white">
<center><h1>404 Not Found</h1></center>
<hr><center>nginx/1.8.0</center>
</body>
</html>
'
784: unexpected token at '<html>
<head><title>404 Not Found</title></head>
<body bgcolor="white">
<center><h1>404 Not Found</h1></center>
<hr><center>nginx/1.8.0</center>
</body>
</html>
'
784: unexpected token at '<html>
<head><title>404 Not Found</title></head>
<body bgcolor="white">
<center><h1>404 Not Found</h1></center>
<hr><center>nginx/1.6.2</center>
</body>
</html>
'
784: unexpected token at '<html>
<head><title>404 Not Found</title></head>
<body bgcolor="white">
<center><h1>404 Not Found</h1></center>
<hr><center>nginx/1.6.2</center>
</body>
</html>
'
784: unexpected token at '<html>
<head><title>404 Not Found</title></head>
<body bgcolor="white">
<center><h1>404 Not Found</h1></center>
<hr><center>nginx/1.6.2</center>
</body>
</html>
'
784: unexpected token at '<html>
<head><title>404 Not Found</title></head>
<body bgcolor="white">
<center><h1>404 Not Found</h1></center>
<hr><center>nginx/1.6.2</center>
</body>
</html>
'
784: unexpected token at '<html>
<head><title>404 Not Found</title></head>
<body bgcolor="white">
<center><h1>404 Not Found</h1></center>
<hr><center>nginx/1.6.2</center>
</body>
</html>
'
784: unexpected token at '<html>
<head><title>404 Not Found</title></head>
<body bgcolor="white">
<center><h1>404 Not Found</h1></center>
<hr><center>nginx/1.8.0</center>
</body>
</html>
'
784: unexpected token at '<html>
<head><title>404 Not Found</title></head>
<body bgcolor="white">
<center><h1>404 Not Found</h1></center>
<hr><center>nginx/1.6.2</center>
</body>
</html>
'
784: unexpected token at '<html>
<head><title>404 Not Found</title></head>
<body bgcolor="white">
<center><h1>404 Not Found</h1></center>
<hr><center>nginx/1.6.2</center>
</body>
</html>
'
784: unexpected token at '<html>
<head><title>404 Not Found</title></head>
<body bgcolor="white">
<center><h1>404 Not Found</h1></center>
<hr><center>nginx/1.6.2</center>
</body>
</html>
'
784: unexpected token at '<html>
<head><title>404 Not Found</title></head>
<body bgcolor="white">
<center><h1>404 Not Found</h1></center>
<hr><center>nginx/1.6.2</center>
</body>
</html>
'
E, [2016-08-26T02:44:30.427335 #22792] ERROR -- : undefined method `each' for nil:NilClass (NoMethodError)
/home/luancorumba/.rbenv/versions/2.3.0/lib/ruby/gems/2.3.0/bundler/gems/expa-rb-90d5e866bfea/lib/expa/models/applications.rb:96:in `list_by_param'
/home/luancorumba/Documentos/Dev/Bazicons/Bazicon_erb/lib/sync.rb:338:in `block (3 levels) in big_sync'
/home/luancorumba/Documentos/Dev/Bazicons/Bazicon_erb/lib/sync.rb:336:in `downto'
/home/luancorumba/Documentos/Dev/Bazicons/Bazicon_erb/lib/sync.rb:336:in `each'
/home/luancorumba/Documentos/Dev/Bazicons/Bazicon_erb/lib/sync.rb:336:in `block (2 levels) in big_sync'
/home/luancorumba/Documentos/Dev/Bazicons/Bazicon_erb/lib/sync.rb:320:in `downto'
/home/luancorumba/Documentos/Dev/Bazicons/Bazicon_erb/lib/sync.rb:320:in `each'
/home/luancorumba/Documentos/Dev/Bazicons/Bazicon_erb/lib/sync.rb:320:in `block in big_sync'
/home/luancorumba/.rbenv/versions/2.3.0/lib/ruby/gems/2.3.0/gems/activerecord-5.0.0.1/lib/active_record/core.rb:321:in `initialize'
/home/luancorumba/.rbenv/versions/2.3.0/lib/ruby/gems/2.3.0/gems/activerecord-5.0.0.1/lib/active_record/inheritance.rb:65:in `new'
/home/luancorumba/.rbenv/versions/2.3.0/lib/ruby/gems/2.3.0/gems/activerecord-5.0.0.1/lib/active_record/inheritance.rb:65:in `new'
/home/luancorumba/Documentos/Dev/Bazicons/Bazicon_erb/lib/sync.rb:315:in `big_sync'
/home/luancorumba/Documentos/Dev/Bazicons/Bazicon_erb/script/clockwork_expa.rb:26:in `block in <top (required)>'
/home/luancorumba/.rbenv/versions/2.3.0/lib/ruby/gems/2.3.0/gems/clockwork-2.0.0/lib/clockwork/event.rb:54:in `execute'
/home/luancorumba/.rbenv/versions/2.3.0/lib/ruby/gems/2.3.0/gems/clockwork-2.0.0/lib/clockwork/event.rb:44:in `run'
/home/luancorumba/.rbenv/versions/2.3.0/lib/ruby/gems/2.3.0/gems/clockwork-2.0.0/lib/clockwork/manager.rb:75:in `block in tick'
/home/luancorumba/.rbenv/versions/2.3.0/lib/ruby/gems/2.3.0/gems/clockwork-2.0.0/lib/clockwork/manager.rb:73:in `each'
/home/luancorumba/.rbenv/versions/2.3.0/lib/ruby/gems/2.3.0/gems/clockwork-2.0.0/lib/clockwork/manager.rb:73:in `tick'
/home/luancorumba/.rbenv/versions/2.3.0/lib/ruby/gems/2.3.0/gems/clockwork-2.0.0/lib/clockwork/manager.rb:64:in `block in run'
/home/luancorumba/.rbenv/versions/2.3.0/lib/ruby/gems/2.3.0/gems/clockwork-2.0.0/lib/clockwork/manager.rb:63:in `loop'
/home/luancorumba/.rbenv/versions/2.3.0/lib/ruby/gems/2.3.0/gems/clockwork-2.0.0/lib/clockwork/manager.rb:63:in `run'
/home/luancorumba/.rbenv/versions/2.3.0/lib/ruby/gems/2.3.0/gems/clockwork-2.0.0/lib/clockwork.rb:46:in `run'
/home/luancorumba/.rbenv/versions/2.3.0/lib/ruby/gems/2.3.0/gems/clockwork-2.0.0/bin/clockwork:19:in `<top (required)>'
/home/luancorumba/.rbenv/versions/2.3.0/bin/clockwork:23:in `load'
/home/luancorumba/.rbenv/versions/2.3.0/bin/clockwork:23:in `<main>'
