WARN: Unresolved specs during Gem::Specification.reset:
      minitest (~> 5.1)
WARN: Clearing out unresolved specs.
Please report a bug if this causes problems.
I, [2016-06-21T23:11:22.690301 #5597]  INFO -- : Starting clock for 3 events: [ list all open people Get offline lead from Podio and send them to RD Update Podio ]
I, [2016-06-21T23:11:22.690623 #5507]  INFO -- : Triggering 'list all open people'
#<ExpaPerson:0x005604a030a6d8>
E, [2016-06-21T23:11:31.959093 #5597] ERROR -- : undefined method `-' for #<ExpaPerson id: nil, xp_created_at: nil> (NoMethodError)
/home/luancorumba/.rbenv/versions/2.3.0/lib/ruby/gems/2.3.0/gems/activemodel-4.2.6/lib/active_model/attribute_methods.rb:433:in `method_missing'
/home/luancorumba/Documentos/Dev/Bazicons/Bazicon_erb/lib/expa_rd_sync.rb:170:in `list_open'
/home/luancorumba/Documentos/Dev/Bazicons/Bazicon_erb/script/clockwork_podio.rb:12:in `block in <top (required)>'
/home/luancorumba/.rbenv/versions/2.3.0/lib/ruby/gems/2.3.0/gems/clockwork-2.0.0/lib/clockwork/event.rb:54:in `execute'
/home/luancorumba/.rbenv/versions/2.3.0/lib/ruby/gems/2.3.0/gems/clockwork-2.0.0/lib/clockwork/event.rb:44:in `run'
/home/luancorumba/.rbenv/versions/2.3.0/lib/ruby/gems/2.3.0/gems/clockwork-2.0.0/lib/clockwork/manager.rb:75:in `block in tick'
/home/luancorumba/.rbenv/versions/2.3.0/lib/ruby/gems/2.3.0/gems/clockwork-2.0.0/lib/clockwork/manager.rb:73:in `each'
/home/luancorumba/.rbenv/versions/2.3.0/lib/ruby/gems/2.3.0/gems/clockwork-2.0.0/lib/clockwork/manager.rb:73:in `tick'
/home/luancorumba/.rbenv/versions/2.3.0/lib/ruby/gems/2.3.0/gems/clockwork-2.0.0/lib/clockwork/manager.rb:64:in `block in run'
/home/luancorumba/.rbenv/versions/2.3.0/lib/ruby/gems/2.3.0/gems/clockwork-2.0.0/lib/clockwork/manager.rb:63:in `loop'
/home/luancorumba/.rbenv/versions/2.3.0/lib/ruby/gems/2.3.0/gems/clockwork-2.0.0/lib/clockwork/manager.rb:63:in `run'
/home/luancorumba/.rbenv/versions/2.3.0/lib/ruby/gems/2.3.0/gems/clockwork-2.0.0/lib/clockwork.rb:46:in `run'
/home/luancorumba/.rbenv/versions/2.3.0/lib/ruby/gems/2.3.0/gems/clockwork-2.0.0/bin/clockwork:19:in `<top (required)>'
/home/luancorumba/.rbenv/versions/2.3.0/bin/clockwork:23:in `load'
/home/luancorumba/.rbenv/versions/2.3.0/bin/clockwork:23:in `<main>'
I, [2016-06-21T23:11:31.964771 #5597]  INFO -- : Triggering 'Get offline lead from Podio and send them to RD'
E, [2016-06-21T23:11:34.344230 #5597] ERROR -- : undefined local variable or method `logger' for main:Object (NameError)
/home/luancorumba/Documentos/Dev/Bazicons/Bazicon_erb/script/clockwork_podio.rb:18:in `block in <top (required)>'
/home/luancorumba/.rbenv/versions/2.3.0/lib/ruby/gems/2.3.0/gems/clockwork-2.0.0/lib/clockwork/event.rb:54:in `execute'
/home/luancorumba/.rbenv/versions/2.3.0/lib/ruby/gems/2.3.0/gems/clockwork-2.0.0/lib/clockwork/event.rb:44:in `run'
/home/luancorumba/.rbenv/versions/2.3.0/lib/ruby/gems/2.3.0/gems/clockwork-2.0.0/lib/clockwork/manager.rb:75:in `block in tick'
/home/luancorumba/.rbenv/versions/2.3.0/lib/ruby/gems/2.3.0/gems/clockwork-2.0.0/lib/clockwork/manager.rb:73:in `each'
/home/luancorumba/.rbenv/versions/2.3.0/lib/ruby/gems/2.3.0/gems/clockwork-2.0.0/lib/clockwork/manager.rb:73:in `tick'
/home/luancorumba/.rbenv/versions/2.3.0/lib/ruby/gems/2.3.0/gems/clockwork-2.0.0/lib/clockwork/manager.rb:64:in `block in run'
/home/luancorumba/.rbenv/versions/2.3.0/lib/ruby/gems/2.3.0/gems/clockwork-2.0.0/lib/clockwork/manager.rb:63:in `loop'
/home/luancorumba/.rbenv/versions/2.3.0/lib/ruby/gems/2.3.0/gems/clockwork-2.0.0/lib/clockwork/manager.rb:63:in `run'
/home/luancorumba/.rbenv/versions/2.3.0/lib/ruby/gems/2.3.0/gems/clockwork-2.0.0/lib/clockwork.rb:46:in `run'
/home/luancorumba/.rbenv/versions/2.3.0/lib/ruby/gems/2.3.0/gems/clockwork-2.0.0/bin/clockwork:19:in `<top (required)>'
/home/luancorumba/.rbenv/versions/2.3.0/bin/clockwork:23:in `load'
/home/luancorumba/.rbenv/versions/2.3.0/bin/clockwork:23:in `<main>'
I, [2016-06-21T23:11:34.346256 #5597]  INFO -- : Triggering 'Update Podio'
E, [2016-06-21T23:14:05.593040 #5597] ERROR -- : undefined method `[]' for nil:NilClass (NoMethodError)
/home/luancorumba/Documentos/Dev/Bazicons/Bazicon_erb/lib/expa_rd_sync.rb:223:in `block in update_podio'
/home/luancorumba/.rbenv/versions/2.3.0/lib/ruby/gems/2.3.0/gems/activerecord-4.2.6/lib/active_record/relation/delegation.rb:46:in `each'
/home/luancorumba/.rbenv/versions/2.3.0/lib/ruby/gems/2.3.0/gems/activerecord-4.2.6/lib/active_record/relation/delegation.rb:46:in `each'
/home/luancorumba/Documentos/Dev/Bazicons/Bazicon_erb/lib/expa_rd_sync.rb:194:in `update_podio'
/home/luancorumba/Documentos/Dev/Bazicons/Bazicon_erb/script/clockwork_podio.rb:16:in `block in <top (required)>'
/home/luancorumba/.rbenv/versions/2.3.0/lib/ruby/gems/2.3.0/gems/clockwork-2.0.0/lib/clockwork/event.rb:54:in `execute'
/home/luancorumba/.rbenv/versions/2.3.0/lib/ruby/gems/2.3.0/gems/clockwork-2.0.0/lib/clockwork/event.rb:44:in `run'
/home/luancorumba/.rbenv/versions/2.3.0/lib/ruby/gems/2.3.0/gems/clockwork-2.0.0/lib/clockwork/manager.rb:75:in `block in tick'
/home/luancorumba/.rbenv/versions/2.3.0/lib/ruby/gems/2.3.0/gems/clockwork-2.0.0/lib/clockwork/manager.rb:73:in `each'
/home/luancorumba/.rbenv/versions/2.3.0/lib/ruby/gems/2.3.0/gems/clockwork-2.0.0/lib/clockwork/manager.rb:73:in `tick'
/home/luancorumba/.rbenv/versions/2.3.0/lib/ruby/gems/2.3.0/gems/clockwork-2.0.0/lib/clockwork/manager.rb:64:in `block in run'
/home/luancorumba/.rbenv/versions/2.3.0/lib/ruby/gems/2.3.0/gems/clockwork-2.0.0/lib/clockwork/manager.rb:63:in `loop'
/home/luancorumba/.rbenv/versions/2.3.0/lib/ruby/gems/2.3.0/gems/clockwork-2.0.0/lib/clockwork/manager.rb:63:in `run'
/home/luancorumba/.rbenv/versions/2.3.0/lib/ruby/gems/2.3.0/gems/clockwork-2.0.0/lib/clockwork.rb:46:in `run'
/home/luancorumba/.rbenv/versions/2.3.0/lib/ruby/gems/2.3.0/gems/clockwork-2.0.0/bin/clockwork:19:in `<top (required)>'
/home/luancorumba/.rbenv/versions/2.3.0/bin/clockwork:23:in `load'
/home/luancorumba/.rbenv/versions/2.3.I, [2016-06-21T23:16:07.001332 I, [2016-06-21T23:19:22.002404 #5507]  INFO -- : Triggering 'list all open people'
#<ExpaPerson:0x0055ddc03e63d8>
E, [2016-06-21T23:19:22.154595 #5507] ERROR -- : undefined method `-' for #<ExpaPerson id: nil, xp_created_at: nil> (NoMethodError)
/home/luancorumba/.rbenv/versions/2.3.0/lib/ruby/gems/2.3.0/gems/activemodel-4.2.6/lib/active_model/attribute_methods.rb:433:in `method_missing'
/home/luancorumba/Documentos/Dev/Bazicons/Bazicon_erb/lib/expa_rd_sync.rb:170:in `list_open'
/home/luancorumba/Documentos/Dev/Bazicons/Bazicon_erb/script/clockwork_podio.rb:12:in `block in <top (required)>'
/home/luancorumba/.rbenv/versions/2.3.0/lib/ruby/gems/2.3.0/gems/clockwork-2.0.0/lib/clockwork/event.rb:54:in `execute'
/home/luancorumba/.rbenv/versions/2.3.0/lib/ruby/gems/2.3.0/gems/clockwork-2.0.0/lib/clockwork/event.rb:44:in `run'
/home/luancorumba/.rbenv/versions/2.3.0/lib/ruby/gems/2.3.0/gems/clockwork-2.0.0/lib/clockwork/manager.rb:75:in `block in tick'
/home/luancorumba/.rbenv/versions/2.3.0/lib/ruby/gems/2.3.0/gems/clockwork-2.0.0/lib/clockwork/manager.rb:73:in `each'
/home/luancorumba/.rbenv/versions/2.3.0/lib/ruby/gems/2.3.0/gems/clockwork-2.0.0/lib/clockwork/manager.rb:73:in `tick'
/home/luancorumba/.rbenv/versions/2.3.0/lib/ruby/gems/2.3.0/gems/clockwork-2.0.0/lib/clockwork/manager.rb:64:in `block in run'
/home/luancorumba/.rbenv/versions/2.3.0/lib/ruby/gems/2.3.0/gems/clockwork-2.0.0/lib/clockwork/manager.rb:63:in `loop'
/home/luancorumba/.rbenv/versions/2.3.0/lib/ruby/gems/2.3.0/gems/clockwork-2.0.0/lib/clockwork/manager.rb:63:in `run'
/home/luancorumba/.rbenv/versions/2.3.0/lib/ruby/gems/2.3.0/gems/clockwork-2.0.0/lib/clockwork.rb:46:in `run'
/home/luancorumba/.rbenv/versions/2.3.0/lib/ruby/gems/2.3.0/gems/clockwork-2.0.0/bin/clockwork:19:in `<top (required)>'
/home/luancorumba/.rbenv/versions/2.3.0/bin/clockwork:23:in `load'
/home/luancorumba/.rbenv/versions/2.3.0/bin/clockwork:23:in `<main>'
I, [2016-06-21T23:21:22.001178 #5507]  INFO -- : Triggering 'Get offline lead from Podio and send them to RD'
E, [2016-06-21T23:21:24.432285 #5597] ERROR -- : undefined local variable or method `logger' for main:Object (NameError)
/home/luancorumba/Documentos/Dev/Bazicons/Bazicon_erb/script/clockwork_podio.rb:18:in `block in <top (required)>'
/home/luancorumba/.rbenv/versions/2.3.0/lib/ruby/gems/2.3.0/gems/clockwork-2.0.0/lib/clockwork/event.rb:54:in `execute'
/home/luancorumba/.rbenv/versions/2.3.0/lib/ruby/gems/2.3.0/gems/clockwork-2.0.0/lib/clockwork/event.rb:44:in `run'
/home/luancorumba/.rbenv/versions/2.3.0/lib/ruby/gems/2.3.0/gems/clockwork-2.0.0/lib/clockwork/manager.rb:75:in `block in tick'
/home/luancorumba/.rbenv/versions/2.3.0/lib/ruby/gems/2.3.0/gems/clockwork-2.0.0/lib/clockwork/manager.rb:73:in `each'
/home/luancorumba/.rbenv/versions/2.3.0/lib/ruby/gems/2.3.0/gems/clockwork-2.0.0/lib/clockwork/manager.rb:73:in `tick'
/home/luancorumba/.rbenv/versions/2.3.0/lib/ruby/gems/2.3.0/gems/clockwork-2.0.0/lib/clockwork/manager.rb:64:in `block in run'
/home/luancorumba/.rbenv/versions/2.3.0/lib/ruby/gems/2.3.0/gems/clockwork-2.0.0/lib/clockwork/manager.rb:63:in `loop'
/home/luancorumba/.rbenv/versions/2.3.0/lib/ruby/gems/2.3.0/gems/clockwork-2.0.0/lib/clockwork/manager.rb:63:in `run'
/home/luancorumba/.rbenv/versions/2.3.0/lib/ruby/gems/2.3.0/gems/clockwork-2.0.0/lib/clockwork.rb:46:in `run'
/home/luancorumba/.rbenv/versions/2.3.0/lib/ruby/gems/2.3.0/gems/clockwork-2.0.0/bin/clockwork:19:in `<top (required)>'
/home/luancorumba/.rbenv/versions/2.3.0/bin/clockwork:23:in `load'
/home/lI, [2016-06-21T23:24:07.001342 #5307]  INFO -- : Triggering 'lI, [2016-06-21T23:27:22.002130 #5507]  INFO -- : Triggering 'list all open people'
#<ExpaPerson:0x005604c9cf70f0>
E, [2016-06-21T23:27:22.148055 #5597] ERROR -- : undefined method `-' for #<ExpaPerson id: nil, xp_created_at: nil> (NoMethodError)
/home/luancorumba/.rbenv/versions/2.3.0/lib/ruby/gems/2.3.0/gems/activemodel-4.2.6/lib/active_model/attribute_methods.rb:433:in `method_missing'
/home/luancorumba/Documentos/Dev/Bazicons/Bazicon_erb/lib/expa_rd_sync.rb:170:in `list_open'
/home/luancorumba/Documentos/Dev/Bazicons/Bazicon_erb/script/clockwork_podio.rb:12:in `block in <top (required)>'
/home/luancorumba/.rbenv/versions/2.3.0/lib/ruby/gems/2.3.0/gems/clockwork-2.0.0/lib/clockwork/event.rb:54:in `execute'
/home/luancorumba/.rbenv/versions/2.3.0/lib/ruby/gems/2.3.0/gems/clockwork-2.0.0/lib/clockwork/event.rb:44:in `run'
/home/luancorumba/.rbenv/versions/2.3.0/lib/ruby/gems/2.3.0/gems/clockwork-2.0.0/lib/clockwork/manager.rb:75:in `block in tick'
/home/luancorumba/.rbenv/versions/2.3.0/lib/ruby/gems/2.3.0/gems/clockwork-2.0.0/lib/clockwork/manager.rb:73:in `each'
/home/luancorumba/.rbenv/versions/2.3.0/lib/ruby/gems/2.3.0/gems/clockwork-2.0.0/lib/clockwork/manager.rb:73:in `tick'
/home/luancorumba/.rbenv/versions/2.3.0/lib/ruby/gems/2.3.0/gems/clockwork-2.0.0/lib/clockwork/manager.rb:64:in `block in run'
/home/luancorumba/.rbenv/versions/2.3.0/lib/ruby/gems/2.3.0/gems/clockwork-2.0.0/lib/clockwork/manager.rb:63:in `loop'
/home/luancorumba/.rbenv/versions/2.3.0/lib/ruby/gems/2.3.0/gems/clockwork-2.0.0/lib/clockwork/manager.rb:63:in `run'
/home/luancorumba/.rbenv/versions/2.3.0/lib/ruby/gems/2.3.0/gems/clockwork-2.0.0/lib/clockwork.rb:46:in `run'
/home/luancorumba/.rbenv/versions/2.3.0/lib/ruby/gems/2.3.0/gems/clockwork-2.0.0/bin/clockwork:19:in `<top (required)>'
/home/luancorumba/.rbenv/versions/2.3.0/binI, [2016-06-21T23:28:07.001243 #5307]  INFO -- : Triggering 'Get offline lead from Podio and I, [2016-06-21T23:31:22.001638 #5507]  INFO -- : Triggering 'Get offline lead from Podio and send them to RD'
E, [2016-06-21T23:31:24.329637 #5507] ERROR -- : undefined local variable or method `logger' for main:Object (NameError)
/home/luancorumba/Documentos/Dev/Bazicons/Bazicon_erb/script/clockwork_podio.rb:18:in `block in <top (required)>'
/home/luancorumba/.rbenv/versions/2.3.0/lib/ruby/gems/2.3.0/gems/clockwork-2.0.0/lib/clockwork/event.rb:54:in `execute'
/home/luancorumba/.rbenv/versions/2.3.0/lib/ruby/gems/2.3.0/gems/clockwork-2.0.0/lib/clockwork/event.rb:44:in `run'
/home/luancorumba/.rbenv/versions/2.3.0/lib/ruby/gems/2.3.0/gems/clockwork-2.0.0/lib/clockwork/manager.rb:75:in `block in tick'
/home/luancorumba/.rbenv/versions/2.3.0/lib/ruby/gems/2.3.0/gems/clockwork-2.0.0/lib/clockwork/manager.rb:73:in `each'
/home/luancorumba/.rbenv/versions/2.3.0/lib/ruby/gems/2.3.0/gems/clockwork-2.0.0/lib/clockwork/manager.rb:73:in `tick'
/home/luancorumba/.rbenv/versions/2.3.0/lib/ruby/gems/2.3.0/gems/clockwork-2.0.0/lib/clockwork/manager.rb:64:in `block in run'
/home/luancorumba/.rbenv/versions/2.3.0/lib/ruby/gems/2.3.0/gems/clockwork-2.0.0/lib/clockwork/manager.rb:63:in `loop'
/home/luancorumba/.rbenv/versions/2.3.0/lib/ruby/gems/2.3.0/gems/clockwork-2.0.0/lib/clockwork/manager.rb:63:in `run'
/home/luancorumba/.rbenv/versions/2.3.0/lib/ruby/gems/2.3.0/gems/clockwork-2.0.0/lib/clockwork.rb:46:in `run'
/home/luancorumba/.rbenv/versions/2.3.0/lib/ruby/gems/2.3.0/gems/clockwork-2.0.0/bin/clockwork:19:in `<top (required)>'
/home/luancorumba/.rbenv/versions/2.3.0/binI, [2016-06-21T23:32:07.001268 #5307]  INFO -- : Triggering 'list all open people'
E, [2016-0I, [2016-06-21T23:35:22.001160 #5597]  INFO -- : Triggering 'list all open people'
#<ExpaPerson:0x0055ddc0f2ade8>
E, [2016-06-21T23:35:22.175930 #5507] ERROR -- : undefined method `-' for #<ExpaPerson id: nil, xp_created_at: nil> (NoMethodError)
/home/luancorumba/.rbenv/versions/2.3.0/lib/ruby/gems/2.3.0/gems/activemodel-4.2.6/lib/active_model/attribute_methods.rb:433:in `method_missing'
/home/luancorumba/Documentos/Dev/Bazicons/Bazicon_erb/lib/expa_rd_sync.rb:170:in `list_open'
/home/luancorumba/Documentos/Dev/Bazicons/Bazicon_erb/script/clockwork_podio.rb:12:in `block in <top (required)>'
/home/luancorumba/.rbenv/versions/2.3.0/lib/ruby/gems/2.3.0/gems/clockwork-2.0.0/lib/clockwork/event.rb:54:in `execute'
/home/luancorumba/.rbenv/versions/2.3.0/lib/ruby/gems/2.3.0/gems/clockwork-2.0.0/lib/clockwork/event.rb:44:in `run'
/home/luancorumba/.rbenv/versions/2.3.0/lib/ruby/gems/2.3.0/gems/clockwork-2.0.0/lib/clockwork/manager.rb:75:in `block in tick'
/home/luancorumba/.rbenv/versions/2.3.0/lib/ruby/gems/2.3.0/gems/clockwork-2.0.0/lib/clockwork/manager.rb:73:in `each'
/home/luancorumba/.rbenv/versions/2.3.0/lib/ruby/gems/2.3.0/gems/clockwork-2.0.0/lib/clockwork/manager.rb:73:in `tick'
/home/luancorumba/.rbenv/versions/2.3.0/lib/ruby/gems/2.3.0/gems/clockwork-2.0.0/lib/clockwork/manager.rb:64:in `block in run'
/home/luancorumba/.rbenv/versions/2.3.0/lib/ruby/gems/2.3.0/gems/clockwork-2.0.0/lib/clockwork/manager.rb:63:in `loop'
/home/luancorumba/.rbenv/versions/2.3.0/lib/ruby/gems/2.3.0/gems/clockwork-2.0.0/lib/clockwork/manager.rb:63:in `run'
/home/luancorumba/.rbenv/versions/2.3.0/lib/ruby/gems/2.3.0/gems/clockwork-2.0.0/lib/clockwork.rb:46:in `run'
/home/luancorumba/.rbenv/versions/2.3.0/lib/ruby/gems/2.3.0/gems/clockwork-2.0.0/bin/clockwork:19:in `<top (required)>'
/home/luancoI, [2016-06-21T23:38:07.001151 #5307]  INFO -- : Triggering 'Get offline lead from Podio and send them to RD'
E, [2016-06-21I, [2016-06-21T23:41:22.001228 #5597]  INFO -- : Triggering 'Get offline lead from Podio and send them to RD'
E, [2016-06-21T23:41:24.425428 #5597] ERROR -- : undefined local variable or method `logger' for main:Object (NameError)
/home/luancorumba/Documentos/Dev/Bazicons/Bazicon_erb/script/clockwork_podio.rb:18:in `block in <top (required)>'
/home/luancorumba/.rbenv/versions/2.3.0/lib/ruby/gems/2.3.0/gems/clockwork-2.0.0/lib/clockwork/event.rb:54:in `execute'
/home/luancorumba/.rbenv/versions/2.3.0/lib/ruby/gems/2.3.0/gems/clockwork-2.0.0/lib/clockwork/event.rb:44:in `run'
/home/luancorumba/.rbenv/versions/2.3.0/lib/ruby/gems/2.3.0/gems/clockwork-2.0.0/lib/clockwork/manager.rb:75:in `block in tick'
/home/luancorumba/.rbenv/versions/2.3.0/lib/ruby/gems/2.3.0/gems/clockwork-2.0.0/lib/clockwork/manager.rb:73:in `each'
/home/luancorumba/.rbenv/versions/2.3.0/lib/ruby/gems/2.3.0/gems/clockwork-2.0.0/lib/clockwork/manager.rb:73:in `tick'
/home/luancorumba/.rbenv/versions/2.3.0/lib/ruby/gems/2.3.0/gems/clockwork-2.0.0/lib/clockwork/manager.rb:64:in `block in run'
/home/luancorumba/.rbenv/versions/2.3.0/lib/ruby/gems/2.3.0/gems/clockwork-2.0.0/lib/clockwork/manager.rb:63:in `loop'
/home/luancorumba/.rbenv/versions/2.3.0/lib/ruby/gems/2.3.0/gems/clockwork-2.0.0/lib/clockwork/manager.rb:63:in `run'
/home/luancorumba/.rbenv/versions/2.3.0/lib/ruby/gems/2.3.0/gems/clockwork-2.0.0/lib/clockwork.rb:46:in `run'
/home/luancorumba/.rbenv/versions/2.3.0/lib/ruby/gems/2.3.0/gems/clockwork-2.0.0/bin/clockwork:19:in `<top (required)>'
/home/luancorumba/.rbenv/versions/2.3.0/bin/clockwork:23:in `load'
/home/luancorumba/.rbenv/versions/2.3.0/bin/clockwork:23:in `<main>'
I, [2016-06-21T23:41:24.427341 #5597]  INFO -- : Triggering 'Update Podio'
cumentos/Dev/Bazicons/Bazicon_erb/lib/expa_rd_sync.rb:222:in `block in update_podio'
/home/luancorumba/.rbenv/versions/2.3.0/lib/ruby/gems/2.3.0/gems/activerecord-4.2.6/lib/active_record/relation/delegation.rb:46:in `each'
/home/luancorumba/.rbenv/versions/2.3.0/lib/ruby/gems/2.3.0/gems/activerecord-4.2.6/lib/active_record/relation/delegation.rb:46:in `each'
/home/luancorumba/Documentos/Dev/Bazicons/Bazicon_erb/lib/expa_rd_sync.rb:193:in `update_podio'
/home/luancorumba/Documentos/Dev/Bazicons/Bazicon_erb/script/clockwork_podio.rb:16:in `block in <top (required)>'
/home/luancorumba/.rbenv/versions/2.3.0/lib/ruby/gems/2.3.0/gems/clockwork-2.0.0/lib/clockwork/event.rb:54:in `execute'
/home/luancorumba/.rbenv/versions/2.3.0/lib/ruby/gems/2.3.0/gems/clockwork-2.0.0/lib/clockwork/event.rb:44:in `run'
/home/luancorumba/.rbenv/versions/2.3.0/lib/ruby/gems/2.3.0/gems/clockwork-2.0.0/lib/clockwork/manager.rb:75:in `block in tick'
/home/luancorumba/.rbenv/versions/2.3.0/lib/ruby/gems/2.3.0/gems/clockwork-2.0.0/lib/clockwork/manager.rb:73:in `each'
/home/luancorumba/.rbenv/versions/2.3.0/lib/ruby/gems/2.3.0/gems/clockwork-2.0.0/lib/clockwork/manager.rb:73:in `tick'
/home/luancorumba/.rbenv/versions/2.3.0/lib/ruby/gems/2.3.0/gems/clockwork-2.0.0/lib/clockwork/manager.rb:64:in `block in run'
/home/luancorumba/.rbenv/versions/2.3.0/lib/ruby/gems/2.3.0/gems/clockwork-2.0.0/lib/clockwork/manager.rb:63:in `loop'
/home/luancorumba/.rbenv/versions/2.3.0/lib/ruby/gems/2.3.0/gems/clockwork-2.0.0/lib/clockwork/manager.rb:63:in `run'
/home/luancorumba/.rbenv/versions/2.3.0/lib/ruby/gems/2.3.0/gems/clockwork-2.0.0/lib/clockwork.rb:46:in `run'
/home/luancorumba/.rbenv/versions/2.3.0/lib/ruby/gems/2.3.0/gems/clockwork-2.0.0/bin/clockwork:19:in `<top (required)>'
/home/luancorumba/.rbenv/versions/2.3.0/bin/clockwork:23:in `load'
/home/luancorumba/.rbenv/versions/2.3.0/bin/clockwork:23:in `<main>'
I, [2016-06-21T23:40:07.001614 #5307]  INFO -- : Triggering 'list all open people'
E, [2016-06-21T23:40:07.170634 #5307] ERROR -- : undefined method `-' for #<ExpaPerson id: nil, xp_created_at: nil> (NoMethodError)
/home/luancorumba/.rbenv/versions/2.3.0/lib/ruby/gems/2.3.0/gems/activemodel-4.2.6/lib/active_model/attribute_methods.rb:433:in `method_missing'
/home/luancorumba/Documentos/Dev/Bazicons/Bazicon_erb/lib/expa_rd_sync.rb:169:in `list_open'
/home/luancorumba/Documentos/Dev/Bazicons/Bazicon_erb/script/clockwork_podio.rb:12:in `block in <top (required)>'
/home/luancorumba/.rbenv/versions/2.3.0/lib/ruby/gems/2.3.0/gems/clockwork-2.0.0/lib/clockwork/event.rb:54:in `execute'
/home/luancorumba/.rbenv/versions/2.3.0/lib/ruby/gems/2.3.0/gems/clockwork-2.0.0/lib/clockwork/event.rb:44:in `run'
/home/luancorumba/.rbenv/versions/2.3.0/lib/ruby/gems/2.3.0/gems/clockwork-2.0.0/lib/clockwork/manager.rb:75:in `block in tick'
/home/luancorumba/.rbenv/versions/2.3.0/lib/ruby/gems/2.3.0/gems/clockwork-2.0.0/lib/clockwork/manager.rb:73:in `each'
/home/luancorumba/.rbenv/versions/2.3.0/lib/ruby/gems/2.3.0/gems/clockwork-2.0.0/lib/clockwork/manager.rb:73:in `tick'
/home/luancorumba/.rbenv/versions/2.3.0/lib/ruby/gems/2.3.0/gems/clockwork-2.0.0/lib/clockwork/manager.rb:64:in `block in run'
/home/luancorumba/.rbenv/versions/2.3.0/lib/ruby/gems/2.3.0/gems/clockwork-2.0.0/lib/clockwork/manager.rb:63:in `loop'
/home/luancorumba/.rbenv/versions/2.3.0/lib/ruby/gems/2.3.0/gems/clockwork-2.0.0/lib/clockwork/manager.rb:63:in `run'
/home/luancorumba/.rbenv/versions/2.3.0/lib/ruby/gems/2.3.0/gems/clockwork-2.0.0/lib/clockwork.rb:46:in `run'
/home/luancorumba/.rbenv/versions/2.3.0/lib/ruby/gems/2.3.0/gems/clockwork-2.0.0/bin/clockwork:19:in `<top (required)>'
/home/luancorumba/.rbenv/versions/2.3.0/bin/clockwork:23:in `load'
/home/luancorumba/.rbenv/versions/2.3.0/bin/clockwork:23:in `<main>'
