WARN: Unresolved specs during Gem::Specification.reset:
      minitest (~> 5.1)
WARN: Clearing out unresolved specs.
Please report a bug if this causes problems.
I, [2016-08-25T16:43:18.021686 #22906]  INFO -- : Starting clock for 1 events: [ list all applications and update people ]
I, [2016-08-25T16:44:00.001239 #22906]  INFO -- : Triggering 'list all applications and update people'
STARTING BIG SYNC
2016-08-01
Esses negos tudo: 175
A JSON text must at least contain two octets!
A JSON text must at least contain two octets!
A JSON text must at least contain two octets!
A JSON text must at least contain two octets!
A JSON text must at least contain two octets!
A JSON text must at least contain two octets!
A JSON text must at least contain two octets!
A JSON text must at least contain two octets!
A JSON text must at least contain two octets!
A JSON text must at least contain two octets!
A JSON text must at least contain two octets!
A JSON text must at least contain two octets!
A JSON text must at least contain two octets!
A JSON text must at least contain two octets!
A JSON text must at least contain two octets!
A JSON text must at least contain two octets!
A JSON text must at least contain two octets!
A JSON text must at least contain two octets!
A JSON text must at least contain two octets!
A JSON text must at least contain two octets!
A JSON text must at least contain two octets!
A JSON text must at least contain two octets!
A JSON text must at least contain two octets!
A JSON text must at least contain two octets!
A JSON text must at least contain two octets!
A JSON text must at least contain two octets!
A JSON text must at least contain two octets!
A JSON text must at least contain two octets!
A JSON text must at least contain two octets!
A JSON text must at least contain two octets!
A JSON text must at least contain two octets!
A JSON text must at least contain two octets!
A JSON text must at least contain two octets!
A JSON text must at least contain two octets!
A JSON text must at least contain two octets!
A JSON text must at least contain two octets!
A JSON text must at least contain two octets!
A JSON text must at least contain two octets!
A JSON text must at least contain two octets!
A JSON text must at least contain two octets!
A JSON text must at least contain two octets!
A JSON text must at least contain two octets!
A JSON text must at least contain two octets!
A JSON text must at least contain two octets!
A JSON text must at least contain two octets!
A JSON text must at least contain two octets!
A JSON text must at least contain two octets!
A JSON text must at least contain two octets!
A JSON text must at least contain two octets!
A JSON text must at least contain two octets!
A JSON text must at least contain two octets!
A JSON text must at least contain two octets!
A JSON text must at least contain two octets!
A JSON text must at least contain two octets!
A JSON text must at least contain two octets!
A JSON text must at least contain two octets!
A JSON text must at least contain two octets!
A JSON text must at least contain two octets!
A JSON text must at least contain two octets!
A JSON text must at least contain two octets!
A JSON text must at least contain two octets!
A JSON text must at least contain two octets!
A JSON text must at least contain two octets!
A JSON text must at least contain two octets!
A JSON text must at least contain two octets!
A JSON text must at least contain two octets!
A JSON text must at least contain two octets!
A JSON text must at least contain two octets!
A JSON text must at least contain two octets!
A JSON text must at least contain two octets!
A JSON text must at least contain two octets!
A JSON text must at least contain two octets!
A JSON text must at least contain two octets!
A JSON text must at least contain two octets!
A JSON text must at least contain two octets!
A JSON text must at least contain two octets!
A JSON text must at least contain two octets!
A JSON text must at least contain two octets!
A JSON text must at least contain two octets!
A JSON text must at least contain two octets!
A JSON text must at least contain two octets!
A JSON text must at least contain two octets!
A JSON text must at least contain two octets!
A JSON text must at least contain two octets!
A JSON text must at least contain two octets!
A JSON text must at least contain two octets!
A JSON text must at least contain two octets!
A JSON text must at least contain two octets!
A JSON text must at least contain two octets!
A JSON text must at least contain two octets!
A JSON text must at least contain two octets!
A JSON text must at least contain two octets!
A JSON text must at least contain two octets!
A JSON text must at least contain two octets!
A JSON text must at least contain two octets!
A JSON text must at least contain two octets!
A JSON text must at least contain two octets!
A JSON text must at least contain two octets!
A JSON text must at least contain two octets!
A JSON text must at least contain two octets!
A JSON text must at least contain two octets!
A JSON text must at least contain two octets!
A JSON text must at least contain two octets!
A JSON text must at least contain two octets!
A JSON text must at least contain two octets!
A JSON text must at least contain two octets!
A JSON text must at least contain two octets!
A JSON text must at least contain two octets!
A JSON text must at least contain two octets!
A JSON text must at least contain two octets!
A JSON text must at least contain two octets!
A JSON text must at least contain two octets!
A JSON text must at least contain two octets!
A JSON text must at least contain two octets!
A JSON text must at least contain two octets!
A JSON text must at least contain two octets!
A JSON text must at least contain two octets!
A JSON text must at least contain two octets!
A JSON text must at least contain two octets!
A JSON text must at least contain two octets!
A JSON text must at least contain two octets!
A JSON text must at least contain two octets!
A JSON text must at least contain two octets!
A JSON text must at least contain two octets!
A JSON text must at least contain two octets!
A JSON text must at least contain two octets!
A JSON text must at least contain two octets!
A JSON text must at least contain two octets!
A JSON text must at least contain two octets!
A JSON text must at least contain two octets!
A JSON text must at least contain two octets!
A JSON text must at least contain two octets!
A JSON text must at least contain two octets!
A JSON text must at least contain two octets!
A JSON text must at least contain two octets!
A JSON text must at least contain two octets!
A JSON text must at least contain two octets!
A JSON text must at least contain two octets!
A JSON text must at least contain two octets!
A JSON text must at least contain two octets!
A JSON text must at least contain two octets!
A JSON text must at least contain two octets!
A JSON text must at least contain two octets!
A JSON text must at least contain two octets!
A JSON text must at least contain two octets!
A JSON text must at least contain two octets!
A JSON text must at least contain two octets!
A JSON text must at least contain two octets!
A JSON text must at least contain two octets!
A JSON text must at least contain two octets!
A JSON text must at least contain two octets!
A JSON text must at least contain two octets!
A JSON text must at least contain two octets!
A JSON text must at least contain two octets!
A JSON text must at least contain two octets!
A JSON text must at least contain two octets!
A JSON text must at least contain two octets!
A JSON text must at least contain two octets!
A JSON text must at least contain two octets!
A JSON text must at least contain two octets!
A JSON text must at least contain two octets!
A JSON text must at least contain two octets!
A JSON text must at least contain two octets!
A JSON text must at least contain two octets!
A JSON text must at least contain two octets!
A JSON text must at least contain two octets!
A JSON text must at least contain two octets!
A JSON text must at least contain two octets!
A JSON text must at least contain two octets!
A JSON text must at least contain two octets!
A JSON text must at least contain two octets!
A JSON text must at least contain two octets!
A JSON text must at least contain two octets!
A JSON text must at least contain two octets!
A JSON text must at least contain two octets!
A JSON text must at least contain two octets!
A JSON text must at least contain two octets!
A JSON text must at least contain two octets!
A JSON text must at least contain two octets!
A JSON text must at least contain two octets!
A JSON text must at least contain two octets!
A JSON text must at least contain two octets!
A JSON text must at least contain two octets!
A JSON text must at least contain two octets!
A JSON text must at least contain two octets!
A JSON text must at least contain two octets!
A JSON text must at least contain two octets!
A JSON text must at least contain two octets!
A JSON text must at least contain two octets!
A JSON text must at least contain two octets!
A JSON text must at least contain two octets!
A JSON text must at least contain two octets!
A JSON text must at least contain two octets!
A JSON text must at least contain two octets!
A JSON text must at least contain two octets!
A JSON text must at least contain two octets!
A JSON text must at least contain two octets!
A JSON text must at least contain two octets!
A JSON text must at least contain two octets!
A JSON text must at least contain two octets!
A JSON text must at least contain two octets!
A JSON text must at least contain two octets!
A JSON text must at least contain two octets!
A JSON text must at least contain two octets!
A JSON text must at least contain two octets!
A JSON text must at least contain two octets!
A JSON text must at least contain two octets!
A JSON text must at least contain two octets!
A JSON text must at least contain two octets!
A JSON text must at least contain two octets!
A JSON text must at least contain two octets!
A JSON text must at least contain two octets!
A JSON text must at least contain two octets!
A JSON text must at least contain two octets!
A JSON text must at least contain two octets!
A JSON text must at least contain two octets!
A JSON text must at least contain two octets!
A JSON text must at least contain two octets!
A JSON text must at least contain two octets!
A JSON text must at least contain two octets!
A JSON text must at least contain two octets!
A JSON text must at least contain two octets!
A JSON text must at least contain two octets!
A JSON text must at least contain two octets!
A JSON text must at least contain two octets!
A JSON text must at least contain two octets!
A JSON text must at least contain two octets!
A JSON text must at least contain two octets!
A JSON text must at least contain two octets!
A JSON text must at least contain two octets!
A JSON text must at least contain two octets!
A JSON text must at least contain two octets!
A JSON text must at least contain two octets!
A JSON text must at least contain two octets!
A JSON text must at least contain two octets!
A JSON text must at least contain two octets!
A JSON text must at least contain two octets!
A JSON text must at least contain two octets!
A JSON text must at least contain two octets!
A JSON text must at least contain two octets!
A JSON text must at least contain two octets!
A JSON text must at least contain two octets!
A JSON text must at least contain two octets!
A JSON text must at least contain two octets!
A JSON text must at least contain two octets!
A JSON text must at least contain two octets!
A JSON text must at least contain two octets!
A JSON text must at least contain two octets!
A JSON text must at least contain two octets!
A JSON text must at least contain two octets!
A JSON text must at least contain two octets!
A JSON text must at least contain two octets!
A JSON text must at least contain two octets!
A JSON text must at least contain two octets!
A JSON text must at least contain two octets!
A JSON text must at least contain two octets!
A JSON text must at least contain two octets!
A JSON text must at least contain two octets!
A JSON text must at least contain two octets!
A JSON text must at least contain two octets!
A JSON text must at least contain two octets!
A JSON text must at least contain two octets!
A JSON text must at least contain two octets!
A JSON text must at least contain two octets!
A JSON text must at least contain two octets!
A JSON text must at least contain two octets!
A JSON text must at least contain two octets!
A JSON text must at least contain two octets!
A JSON text must at least contain two octets!
A JSON text must at least contain two octets!
2016-08-02
Esses negos tudo: 256
2016-08-03
Esses negos tudo: 328
2016-08-04
Esses negos tudo: 197
2016-08-05
Esses negos tudo: 191
A JSON text must at least contain two octets!
A JSON text must at least contain two octets!
A JSON text must at least contain two octets!
A JSON text must at least contain two octets!
A JSON text must at least contain two octets!
A JSON text must at least contain two octets!
A JSON text must at least contain two octets!
A JSON text must at least contain two octets!
A JSON text must at least contain two octets!
A JSON text must at least contain two octets!
A JSON text must at least contain two octets!
A JSON text must at least contain two octets!
A JSON text must at least contain two octets!
A JSON text must at least contain two octets!
A JSON text must at least contain two octets!
A JSON text must at least contain two octets!
A JSON text must at least contain two octets!
A JSON text must at least contain two octets!
A JSON text must at least contain two octets!
A JSON text must at least contain two octets!
A JSON text must at least contain two octets!
A JSON text must at least contain two octets!
A JSON text must at least contain two octets!
A JSON text must at least contain two octets!
A JSON text must at least contain two octets!
A JSON text must at least contain two octets!
A JSON text must at least contain two octets!
A JSON text must at least contain two octets!
A JSON text must at least contain two octets!
A JSON text must at least contain two octets!
A JSON text must at least contain two octets!
A JSON text must at least contain two octets!
A JSON text must at least contain two octets!
A JSON text must at least contain two octets!
A JSON text must at least contain two octets!
A JSON text must at least contain two octets!
A JSON text must at least contain two octets!
A JSON text must at least contain two octets!
A JSON text must at least contain two octets!
A JSON text must at least contain two octets!
A JSON text must at least contain two octets!
A JSON text must at least contain two octets!
A JSON text must at least contain two octets!
A JSON text must at least contain two octets!
A JSON text must at least contain two octets!
A JSON text must at least contain two octets!
A JSON text must at least contain two octets!
A JSON text must at least contain two octets!
A JSON text must at least contain two octets!
A JSON text must at least contain two octets!
A JSON text must at least contain two octets!
A JSON text must at least contain two octets!
A JSON text must at least contain two octets!
A JSON text must at least contain two octets!
A JSON text must at least contain two octets!
A JSON text must at least contain two octets!
A JSON text must at least contain two octets!
A JSON text must at least contain two octets!
A JSON text must at least contain two octets!
A JSON text must at least contain two octets!
A JSON text must at least contain two octets!
A JSON text must at least contain two octets!
A JSON text must at least contain two octets!
A JSON text must at least contain two octets!
A JSON text must at least contain two octets!
A JSON text must at least contain two octets!
A JSON text must at least contain two octets!
A JSON text must at least contain two octets!
A JSON text must at least contain two octets!
A JSON text must at least contain two octets!
A JSON text must at least contain two octets!
A JSON text must at least contain two octets!
A JSON text must at least contain two octets!
A JSON text must at least contain two octets!
A JSON text must at least contain two octets!
A JSON text must at least contain two octets!
A JSON text must at least contain two octets!
A JSON text must at least contain two octets!
A JSON text must at least contain two octets!
A JSON text must at least contain two octets!
A JSON text must at least contain two octets!
A JSON text must at least contain two octets!
A JSON text must at least contain two octets!
A JSON text must at least contain two octets!
A JSON text must at least contain two octets!
A JSON text must at least contain two octets!
A JSON text must at least contain two octets!
A JSON text must at least contain two octets!
A JSON text must at least contain two octets!
A JSON text must at least contain two octets!
A JSON text must at least contain two octets!
A JSON text must at least contain two octets!
A JSON text must at least contain two octets!
A JSON text must at least contain two octets!
A JSON text must at least contain two octets!
A JSON text must at least contain two octets!
A JSON text must at least contain two octets!
A JSON text must at least contain two octets!
A JSON text must at least contain two octets!
A JSON text must at least contain two octets!
A JSON text must at least contain two octets!
A JSON text must at least contain two octets!
A JSON text must at least contain two octets!
A JSON text must at least contain two octets!
A JSON text must at least contain two octets!
A JSON text must at least contain two octets!
A JSON text must at least contain two octets!
A JSON text must at least contain two octets!
A JSON text must at least contain two octets!
A JSON text must at least contain two octets!
A JSON text must at least contain two octets!
A JSON text must at least contain two octets!
A JSON text must at least contain two octets!
A JSON text must at least contain two octets!
A JSON text must at least contain two octets!
A JSON text must at least contain two octets!
A JSON text must at least contain two octets!
A JSON text must at least contain two octets!
A JSON text must at least contain two octets!
A JSON text must at least contain two octets!
A JSON text must at least contain two octets!
A JSON text must at least contain two octets!
A JSON text must at least contain two octets!
A JSON text must at least contain two octets!
A JSON text must at least contain two octets!
A JSON text must at least contain two octets!
A JSON text must at least contain two octets!
A JSON text must at least contain two octets!
A JSON text must at least contain two octets!
A JSON text must at least contain two octets!
A JSON text must at least contain two octets!
A JSON text must at least contain two octets!
A JSON text must at least contain two octets!
A JSON text must at least contain two octets!
A JSON text must at least contain two octets!
A JSON text must at least contain two octets!
A JSON text must at least contain two octets!
A JSON text must at least contain two octets!
A JSON text must at least contain two octets!
A JSON text must at least contain two octets!
A JSON text must at least contain two octets!
A JSON text must at least contain two octets!
A JSON text must at least contain two octets!
A JSON text must at least contain two octets!
A JSON text must at least contain two octets!
A JSON text must at least contain two octets!
A JSON text must at least contain two octets!
A JSON text must at least contain two octets!
A JSON text must at least contain two octets!
A JSON text must at least contain two octets!
A JSON text must at least contain two octets!
A JSON text must at least contain two octets!
A JSON text must at least contain two octets!
A JSON text must at least contain two octets!
A JSON text must at least contain two octets!
A JSON text must at least contain two octets!
A JSON text must at least contain two octets!
A JSON text must at least contain two octets!
A JSON text must at least contain two octets!
A JSON text must at least contain two octets!
A JSON text must at least contain two octets!
A JSON text must at least contain two octets!
A JSON text must at least contain two octets!
A JSON text must at least contain two octets!
A JSON text must at least contain two octets!
A JSON text must at least contain two octets!
A JSON text must at least contain two octets!
A JSON text must at least contain two octets!
A JSON text must at least contain two octets!
A JSON text must at least contain two octets!
A JSON text must at least contain two octets!
A JSON text must at least contain two octets!
A JSON text must at least contain two octets!
A JSON text must at least contain two octets!
A JSON text must at least contain two octets!
A JSON text must at least contain two octets!
A JSON text must at least contain two octets!
A JSON text must at least contain two octets!
A JSON text must at least contain two octets!
A JSON text must at least contain two octets!
A JSON text must at least contain two octets!
A JSON text must at least contain two octets!
A JSON text must at least contain two octets!
A JSON text must at least contain two octets!
A JSON text must at least contain two octets!
A JSON text must at least contain two octets!
A JSON text must at least contain two octets!
A JSON text must at least contain two octets!
A JSON text must at least contain two octets!
A JSON text must at least contain two octets!
A JSON text must at least contain two octets!
A JSON text must at least contain two octets!
A JSON text must at least contain two octets!
A JSON text must at least contain two octets!
A JSON text must at least contain two octets!
A JSON text must at least contain two octets!
A JSON text must at least contain two octets!
A JSON text must at least contain two octets!
A JSON text must at least contain two octets!
A JSON text must at least contain two octets!
A JSON text must at least contain two octets!
A JSON text must at least contain two octets!
A JSON text must at least contain two octets!
A JSON text must at least contain two octets!
A JSON text must at least contain two octets!
A JSON text must at least contain two octets!
A JSON text must at least contain two octets!
A JSON text must at least contain two octets!
A JSON text must at least contain two octets!
A JSON text must at least contain two octets!
A JSON text must at least contain two octets!
A JSON text must at least contain two octets!
A JSON text must at least contain two octets!
A JSON text must at least contain two octets!
A JSON text must at least contain two octets!
A JSON text must at least contain two octets!
A JSON text must at least contain two octets!
A JSON text must at least contain two octets!
A JSON text must at least contain two octets!
A JSON text must at least contain two octets!
A JSON text must at least contain two octets!
A JSON text must at least contain two octets!
A JSON text must at least contain two octets!
A JSON text must at least contain two octets!
A JSON text must at least contain two octets!
A JSON text must at least contain two octets!
A JSON text must at least contain two octets!
A JSON text must at least contain two octets!
A JSON text must at least contain two octets!
A JSON text must at least contain two octets!
A JSON text must at least contain two octets!
A JSON text must at least contain two octets!
A JSON text must at least contain two octets!
A JSON text must at least contain two octets!
A JSON text must at least contain two octets!
A JSON text must at least contain two octets!
A JSON text must at least contain two octets!
A JSON text must at least contain two octets!
A JSON text must at least contain two octets!
A JSON text must at least contain two octets!
A JSON text must at least contain two octets!
A JSON text must at least contain two octets!
A JSON text must at least contain two octets!
A JSON text must at least contain two octets!
A JSON text must at least contain two octets!
A JSON text must at least contain two octets!
A JSON text must at least contain two octets!
A JSON text must at least contain two octets!
A JSON text must at least contain two octets!
A JSON text must at least contain two octets!
A JSON text must at least contain two octets!
A JSON text must at least contain two octets!
A JSON text must at least contain two octets!
A JSON text must at least contain two octets!
A JSON text must at least contain two octets!
A JSON text must at least contain two octets!
A JSON text must at least contain two octets!
A JSON text must at least contain two octets!
A JSON text must at least contain two octets!
A JSON text must at least contain two octets!
A JSON text must at least contain two octets!
A JSON text must at least contain two octets!
A JSON text must at least contain two octets!
A JSON text must at least contain two octets!
784: unexpected token at '<html>
<head><title>404 Not Found</title></head>
<body bgcolor="white">
<center><h1>404 Not Found</h1></center>
<hr><center>nginx/1.6.2</center>
</body>
</html>
'
784: unexpected token at '<html>
<head><title>404 Not Found</title></head>
<body bgcolor="white">
<center><h1>404 Not Found</h1></center>
<hr><center>nginx/1.6.2</center>
</body>
</html>
'
784: unexpected token at '<html>
<head><title>404 Not Found</title></head>
<body bgcolor="white">
<center><h1>404 Not Found</h1></center>
<hr><center>nginx/1.6.2</center>
</body>
</html>
'
784: unexpected token at '<html>
<head><title>404 Not Found</title></head>
<body bgcolor="white">
<center><h1>404 Not Found</h1></center>
<hr><center>nginx/1.6.2</center>
</body>
</html>
'
784: unexpected token at '<html>
<head><title>404 Not Found</title></head>
<body bgcolor="white">
<center><h1>404 Not Found</h1></center>
<hr><center>nginx/1.6.2</center>
</body>
</html>
'
A JSON text must at least contain two octets!
A JSON text must at least contain two octets!
A JSON text must at least contain two octets!
A JSON text must at least contain two octets!
A JSON text must at least contain two octets!
A JSON text must at least contain two octets!
A JSON text must at least contain two octets!
A JSON text must at least contain two octets!
A JSON text must at least contain two octets!
A JSON text must at least contain two octets!
A JSON text must at least contain two octets!
A JSON text must at least contain two octets!
A JSON text must at least contain two octets!
A JSON text must at least contain two octets!
A JSON text must at least contain two octets!
A JSON text must at least contain two octets!
A JSON text must at least contain two octets!
A JSON text must at least contain two octets!
A JSON text must at least contain two octets!
A JSON text must at least contain two octets!
A JSON text must at least contain two octets!
A JSON text must at least contain two octets!
A JSON text must at least contain two octets!
A JSON text must at least contain two octets!
A JSON text must at least contain two octets!
A JSON text must at least contain two octets!
A JSON text must at least contain two octets!
A JSON text must at least contain two octets!
A JSON text must at least contain two octets!
A JSON text must at least contain two octets!
A JSON text must at least contain two octets!
A JSON text must at least contain two octets!
A JSON text must at least contain two octets!
A JSON text must at least contain two octets!
A JSON text must at least contain two octets!
A JSON text must at least contain two octets!
A JSON text must at least contain two octets!
A JSON text must at least contain two octets!
A JSON text must at least contain two octets!
A JSON text must at least contain two octets!
A JSON text must at least contain two octets!
A JSON text must at least contain two octets!
A JSON text must at least contain two octets!
A JSON text must at least contain two octets!
A JSON text must at least contain two octets!
A JSON text must at least contain two octets!
A JSON text must at least contain two octets!
A JSON text must at least contain two octets!
A JSON text must at least contain two octets!
A JSON text must at least contain two octets!
A JSON text must at least contain two octets!
A JSON text must at least contain two octets!
A JSON text must at least contain two octets!
A JSON text must at least contain two octets!
A JSON text must at least contain two octets!
A JSON text must at least contain two octets!
A JSON text must at least contain two octets!
A JSON text must at least contain two octets!
A JSON text must at least contain two octets!
A JSON text must at least contain two octets!
A JSON text must at least contain two octets!
A JSON text must at least contain two octets!
A JSON text must at least contain two octets!
A JSON text must at least contain two octets!
A JSON text must at least contain two octets!
A JSON text must at least contain two octets!
A JSON text must at least contain two octets!
A JSON text must at least contain two octets!
A JSON text must at least contain two octets!
A JSON text must at least contain two octets!
A JSON text must at least contain two octets!
A JSON text must at least contain two octets!
A JSON text must at least contain two octets!
A JSON text must at least contain two octets!
A JSON text must at least contain two octets!
A JSON text must at least contain two octets!
A JSON text must at least contain two octets!
A JSON text must at least contain two octets!
A JSON text must at least contain two octets!
A JSON text must at least contain two octets!
A JSON text must at least contain two octets!
A JSON text must at least contain two octets!
A JSON text must at least contain two octets!
A JSON text must at least contain two octets!
A JSON text must at least contain two octets!
A JSON text must at least contain two octets!
A JSON text must at least contain two octets!
A JSON text must at least contain two octets!
A JSON text must at least contain two octets!
A JSON text must at least contain two octets!
A JSON text must at least contain two octets!
A JSON text must at least contain two octets!
A JSON text must at least contain two octets!
A JSON text must at least contain two octets!
A JSON text must at least contain two octets!
A JSON text must at least contain two octets!
A JSON text must at least contain two octets!
A JSON text must at least contain two octets!
A JSON text must at least contain two octets!
A JSON text must at least contain two octets!
A JSON text must at least contain two octets!
A JSON text must at least contain two octets!
2016-08-06
Esses negos tudo: 99
2016-08-07
Esses negos tudo: 38
2016-08-08
Esses negos tudo: 178
2016-08-09
Esses negos tudo: 397
E, [2016-08-25T22:16:54.106389 #22906] ERROR -- : undefined local variable or method `total_items' for #<Sync:0x00562da7842eb8> (NameError)
/home/luancorumba/Documentos/Dev/Bazicons/Bazicon_erb/lib/sync.rb:361:in `block in big_sync'
/home/luancorumba/.rbenv/versions/2.3.0/lib/ruby/gems/2.3.0/gems/activerecord-5.0.0.1/lib/active_record/core.rb:321:in `initialize'
/home/luancorumba/.rbenv/versions/2.3.0/lib/ruby/gems/2.3.0/gems/activerecord-5.0.0.1/lib/active_record/inheritance.rb:65:in `new'
/home/luancorumba/.rbenv/versions/2.3.0/lib/ruby/gems/2.3.0/gems/activerecord-5.0.0.1/lib/active_record/inheritance.rb:65:in `new'
/home/luancorumba/Documentos/Dev/Bazicons/Bazicon_erb/lib/sync.rb:315:in `big_sync'
/home/luancorumba/Documentos/Dev/Bazicons/Bazicon_erb/script/clockwork_expa.rb:26:in `block in <top (required)>'
/home/luancorumba/.rbenv/versions/2.3.0/lib/ruby/gems/2.3.0/gems/clockwork-2.0.0/lib/clockwork/event.rb:54:in `execute'
/home/luancorumba/.rbenv/versions/2.3.0/lib/ruby/gems/2.3.0/gems/clockwork-2.0.0/lib/clockwork/event.rb:44:in `run'
/home/luancorumba/.rbenv/versions/2.3.0/lib/ruby/gems/2.3.0/gems/clockwork-2.0.0/lib/clockwork/manager.rb:75:in `block in tick'
/home/luancorumba/.rbenv/versions/2.3.0/lib/ruby/gems/2.3.0/gems/clockwork-2.0.0/lib/clockwork/manager.rb:73:in `each'
/home/luancorumba/.rbenv/versions/2.3.0/lib/ruby/gems/2.3.0/gems/clockwork-2.0.0/lib/clockwork/manager.rb:73:in `tick'
/home/luancorumba/.rbenv/versions/2.3.0/lib/ruby/gems/2.3.0/gems/clockwork-2.0.0/lib/clockwork/manager.rb:64:in `block in run'
/home/luancorumba/.rbenv/versions/2.3.0/lib/ruby/gems/2.3.0/gems/clockwork-2.0.0/lib/clockwork/manager.rb:63:in `loop'
/home/luancorumba/.rbenv/versions/2.3.0/lib/ruby/gems/2.3.0/gems/clockwork-2.0.0/lib/clockwork/manager.rb:63:in `run'
/home/luancorumba/.rbenv/versions/2.3.0/lib/ruby/gems/2.3.0/gems/clockwork-2.0.0/lib/clockwork.rb:46:in `run'
/home/luancorumba/.rbenv/versions/2.3.0/lib/ruby/gems/2.3.0/gems/clockwork-2.0.0/bin/clockwork:19:in `<top (required)>'
/home/luancorumba/.rbenv/versions/2.3.0/bin/clockwork:23:in `load'
/home/luancorumba/.rbenv/versions/2.3.0/bin/clockwork:23:in `<main>'
