I, [2017-04-06T15:49:57.345041 #6270]  INFO -- sentry: ** [Raven] Raven 2.4.0 ready to catch errors
I, [2017-04-06T15:49:59.157976 #6270]  INFO -- : Starting clock for 1 events: [ iGE ]
I, [2017-04-06T15:49:59.158250 #6270]  INFO -- : Triggering 'iGE'
2017-01-01
No EXPA: 0
2017-01-02
No EXPA: 1
LOGIN
{"application-created-at"=>{"start"=>"2017-01-02 16:05:26"}, "status"=>1, "titulo"=>"BenMed khouloud", "ep-email"=>[{"type"=>"home", "value"=>"kouloud13@live.fr"}], "ep-office"=>"AIESEC in Carthage", "opportunity-lc"=>306811026, "opportunity"=>591736475}
2017-01-03
No EXPA: 2
{"application-created-at"=>{"start"=>"2017-01-03 12:43:06"}, "status"=>1, "titulo"=>"vanessa ewoli", "ep-email"=>[{"type"=>"home", "value"=>"vanes-12@hotmail.fr"}], "ep-office"=>"AIESEC in Rennes - Expansion", "opportunity-lc"=>306811026, "opportunity"=>591736592}
{"application-created-at"=>{"start"=>"2017-01-03 05:22:55"}, "status"=>1, "titulo"=>"Alberto Carrillo", "ep-email"=>[{"type"=>"home", "value"=>"albeertocarrillo@gmail.com"}], "ep-office"=>"AIESEC in UNAM", "opportunity-lc"=>306811026, "opportunity"=>591736592}
2017-01-04
No EXPA: 1
{"application-created-at"=>{"start"=>"2017-01-04 15:12:18"}, "titulo"=>"Yasmine Chahidi El Ouazzani", "ep-email"=>[{"type"=>"home", "value"=>"yasminechahidi@gmail.com"}], "ep-office"=>"AIESEC in Casablanca", "opportunity-lc"=>306811119, "opportunity"=>591736827}
2017-01-05
No EXPA: 3
{"application-created-at"=>{"start"=>"2017-01-05 13:21:02"}, "status"=>1, "titulo"=>"Hossam Sami Abdulhakem", "ep-email"=>[{"type"=>"home", "value"=>"hossamsami2011@gmail.com"}], "ep-office"=>"AIESEC in Alexandria", "opportunity-lc"=>306811026, "opportunity"=>591738193}
{"application-created-at"=>{"start"=>"2017-01-05 01:48:58"}, "status"=>1, "titulo"=>"Sanae Maritza Silva Escobar", "ep-email"=>[{"type"=>"home", "value"=>"sanae.silva@ucsp.edu.pe"}], "ep-office"=>"AIESEC in Arequipa", "opportunity-lc"=>306811119, "opportunity"=>591736827}
{"application-created-at"=>{"start"=>"2017-01-05 01:48:08"}, "status"=>1, "titulo"=>"Sanae Maritza Silva Escobar", "ep-email"=>[{"type"=>"home", "value"=>"sanae.silva@ucsp.edu.pe"}], "ep-office"=>"AIESEC in Arequipa", "opportunity-lc"=>306811026, "opportunity"=>591738193}
2017-01-06
No EXPA: 5
{"application-created-at"=>{"start"=>"2017-01-06 21:54:54"}, "titulo"=>"Manar Salah", "ep-email"=>[{"type"=>"home", "value"=>"manarsalah_25j@yahoo.com"}], "ep-office"=>"AIESEC in Zagazig", "opportunity-lc"=>306811026, "opportunity"=>591736475}
{"application-created-at"=>{"start"=>"2017-01-06 21:02:01"}, "titulo"=>"Ricardo Llano Utrilla", "ep-email"=>[{"type"=>"home", "value"=>"ricardollanou@gmail.com"}], "ep-office"=>"AIESEC in Puebla", "opportunity-lc"=>306811119, "opportunity"=>591736827}
{"application-created-at"=>{"start"=>"2017-01-06 20:57:44"}, "titulo"=>"Ricardo Llano Utrilla", "ep-email"=>[{"type"=>"home", "value"=>"ricardollanou@gmail.com"}], "ep-office"=>"AIESEC in Puebla", "opportunity-lc"=>306811119, "opportunity"=>591738900}
{"application-created-at"=>{"start"=>"2017-01-06 20:09:24"}, "status"=>1, "titulo"=>"Tatiana Geba", "ep-email"=>[{"type"=>"home", "value"=>"taty_gba@hotmail.com"}], "ep-office"=>"AIESEC in Buenos Aires USAL", "opportunity-lc"=>306812438, "opportunity"=>591739071}
{"application-created-at"=>{"start"=>"2017-01-06 15:21:02"}, "status"=>1, "titulo"=>"Willy Mateo Suarez", "ep-email"=>[{"type"=>"home", "value"=>"wpatriciom@gmail.com"}], "ep-office"=>"AIESEC in Universidad Ricardo Palma", "opportunity-lc"=>306811119, "opportunity"=>591738900}
2017-01-07
No EXPA: 1
{"application-created-at"=>{"start"=>"2017-01-07 19:25:39"}, "status"=>1, "titulo"=>"Santiago Osorio", "ep-email"=>[{"type"=>"home", "value"=>"santiosom@hotmail.com"}], "ep-office"=>"AIESEC in EAFIT", "opportunity-lc"=>306812438, "opportunity"=>591739071}
2017-01-08
No EXPA: 2
{"application-created-at"=>{"start"=>"2017-01-08 19:24:59"}, "status"=>1, "titulo"=>"sofia lachhab", "ep-email"=>[{"type"=>"home", "value"=>"sophia.lachhab@gmail.com"}], "ep-office"=>"AIESEC in Fez", "opportunity-lc"=>306811026, "opportunity"=>591736592}
{"application-created-at"=>{"start"=>"2017-01-08 11:59:18"}, "status"=>1, "titulo"=>"Ekaterina Tretyakova", "ep-email"=>[{"type"=>"home", "value"=>"tretyakovacatarina@gmail.com"}], "ep-office"=>"AIESEC in MOSCOW", "opportunity-lc"=>306811026, "opportunity"=>591736592}
2017-01-09
No EXPA: 5
{"application-created-at"=>{"start"=>"2017-01-09 14:49:50"}, "status"=>1, "titulo"=>"Liz Dianela Méndez Ovando", "ep-email"=>[{"type"=>"home", "value"=>"dianelamo@hotmail.com"}], "ep-office"=>"AIESEC in Puebla", "opportunity-lc"=>306811026, "opportunity"=>591736475}
{"application-created-at"=>{"start"=>"2017-01-09 14:16:05"}, "status"=>1, "titulo"=>"sophie peccaud", "ep-email"=>[{"type"=>"home", "value"=>"sophiepecc@live.fr"}], "ep-office"=>"AIESEC in Lille", "opportunity-lc"=>306811026, "opportunity"=>591736592}
{"application-created-at"=>{"start"=>"2017-01-09 14:15:46"}, "status"=>1, "titulo"=>"sophie peccaud", "ep-email"=>[{"type"=>"home", "value"=>"sophiepecc@live.fr"}], "ep-office"=>"AIESEC in Lille", "opportunity-lc"=>306811026, "opportunity"=>591738193}
{"application-created-at"=>{"start"=>"2017-01-09 14:15:28"}, "status"=>1, "titulo"=>"sophie peccaud", "ep-email"=>[{"type"=>"home", "value"=>"sophiepecc@live.fr"}], "ep-office"=>"AIESEC in Lille", "opportunity-lc"=>306811026, "opportunity"=>591741923}
{"application-created-at"=>{"start"=>"2017-01-09 14:14:53"}, "status"=>1, "titulo"=>"sophie peccaud", "ep-email"=>[{"type"=>"home", "value"=>"sophiepecc@live.fr"}], "ep-office"=>"AIESEC in Lille", "opportunity-lc"=>306811119, "opportunity"=>591738900}
2017-01-10
No EXPA: 1
{"application-created-at"=>{"start"=>"2017-01-10 03:52:49"}, "status"=>1, "titulo"=>"fiorella stefany flores more", "ep-email"=>[{"type"=>"home", "value"=>"fiorella_fm@outlook.es"}], "ep-office"=>"AIESEC in LIMA", "opportunity-lc"=>306811026, "opportunity"=>591742058}
2017-01-11
No EXPA: 0
2017-01-12
No EXPA: 2
{"application-created-at"=>{"start"=>"2017-01-12 20:06:07"}, "titulo"=>"Lara Hesse", "ep-email"=>[{"type"=>"home", "value"=>"lara.hesse@gmx.de"}], "ep-office"=>"AIESEC in NUERNBERG", "opportunity-lc"=>306811093, "opportunity"=>591742157}
{"application-created-at"=>{"start"=>"2017-01-12 19:10:51"}, "status"=>1, "titulo"=>"Hazal Dogan", "ep-email"=>[{"type"=>"home", "value"=>"hazaldogan93@gmail.com"}], "ep-office"=>"AIESEC in ISTANBUL ASIA", "opportunity-lc"=>306811119, "opportunity"=>591736827}
2017-01-13
No EXPA: 2
{"application-created-at"=>{"start"=>"2017-01-13 21:12:09"}, "status"=>1, "titulo"=>"Mina zaghloul eweda", "ep-email"=>[{"type"=>"home", "value"=>"elbasha00_mina@yahoo.com"}], "ep-office"=>"AIESEC in 6TH OCTOBER", "opportunity-lc"=>306811026, "opportunity"=>591736475}
{"application-created-at"=>{"start"=>"2017-01-13 10:01:13"}, "status"=>1, "titulo"=>"ANOOP C S", "ep-email"=>[{"type"=>"home", "value"=>"csanoop31@gmail.com"}], "ep-office"=>"AIESEC in CHENNAI", "opportunity-lc"=>306811026, "opportunity"=>591736475}
