

Started GET "/" for 127.0.0.1 at 2016-04-12 10:01:22 -0300
  [1m[36mActiveRecord::SchemaMigration Load (0.7ms)[0m  [1mSELECT "schema_migrations".* FROM "schema_migrations"[0m
Processing by SessionsController#index as HTML
  [1m[35mExpaPerson Load (0.7ms)[0m  SELECT  "expa_people".* FROM "expa_people" WHERE "expa_people"."xp_id" IS NULL LIMIT 1
Redirected to http://localhost:3000/
Filter chain halted as :validates_logged_user rendered or redirected
Completed 302 Found in 47ms (ActiveRecord: 1.7ms)


Started GET "/" for 127.0.0.1 at 2016-04-12 10:01:23 -0300
Processing by SessionsController#index as HTML
  [1m[36mExpaPerson Load (0.6ms)[0m  [1mSELECT  "expa_people".* FROM "expa_people" WHERE "expa_people"."xp_id" IS NULL LIMIT 1[0m
Redirected to http://localhost:3000/
Filter chain halted as :validates_logged_user rendered or redirected
Completed 302 Found in 3ms (ActiveRecord: 0.6ms)


Started GET "/" for 127.0.0.1 at 2016-04-12 10:01:23 -0300
Processing by SessionsController#index as HTML
  [1m[35mExpaPerson Load (0.6ms)[0m  SELECT  "expa_people".* FROM "expa_people" WHERE "expa_people"."xp_id" IS NULL LIMIT 1
Redirected to http://localhost:3000/
Filter chain halted as :validates_logged_user rendered or redirected
Completed 302 Found in 3ms (ActiveRecord: 0.6ms)


Started GET "/" for 127.0.0.1 at 2016-04-12 10:01:23 -0300
Processing by SessionsController#index as HTML
  [1m[36mExpaPerson Load (0.5ms)[0m  [1mSELECT  "expa_people".* FROM "expa_people" WHERE "expa_people"."xp_id" IS NULL LIMIT 1[0m
Redirected to http://localhost:3000/
Filter chain halted as :validates_logged_user rendered or redirected
Completed 302 Found in 3ms (ActiveRecord: 0.5ms)


Started GET "/" for 127.0.0.1 at 2016-04-12 10:01:23 -0300
Processing by SessionsController#index as HTML
  [1m[35mExpaPerson Load (0.5ms)[0m  SELECT  "expa_people".* FROM "expa_people" WHERE "expa_people"."xp_id" IS NULL LIMIT 1
Redirected to http://localhost:3000/
Filter chain halted as :validates_logged_user rendered or redirected
Completed 302 Found in 3ms (ActiveRecord: 0.5ms)


Started GET "/" for 127.0.0.1 at 2016-04-12 10:01:23 -0300
Processing by SessionsController#index as HTML
  [1m[36mExpaPerson Load (0.5ms)[0m  [1mSELECT  "expa_people".* FROM "expa_people" WHERE "expa_people"."xp_id" IS NULL LIMIT 1[0m
Redirected to http://localhost:3000/
Filter chain halted as :validates_logged_user rendered or redirected
Completed 302 Found in 3ms (ActiveRecord: 0.5ms)


Started GET "/" for 127.0.0.1 at 2016-04-12 10:01:23 -0300
Processing by SessionsController#index as HTML
  [1m[35mExpaPerson Load (0.5ms)[0m  SELECT  "expa_people".* FROM "expa_people" WHERE "expa_people"."xp_id" IS NULL LIMIT 1
Redirected to http://localhost:3000/
Filter chain halted as :validates_logged_user rendered or redirected
Completed 302 Found in 5ms (ActiveRecord: 0.5ms)


Started GET "/" for 127.0.0.1 at 2016-04-12 10:01:23 -0300
Processing by SessionsController#index as HTML
  [1m[36mExpaPerson Load (0.5ms)[0m  [1mSELECT  "expa_people".* FROM "expa_people" WHERE "expa_people"."xp_id" IS NULL LIMIT 1[0m
Redirected to http://localhost:3000/
Filter chain halted as :validates_logged_user rendered or redirected
Completed 302 Found in 3ms (ActiveRecord: 0.5ms)


Started GET "/" for 127.0.0.1 at 2016-04-12 10:01:23 -0300
Processing by SessionsController#index as HTML
  [1m[35mExpaPerson Load (0.7ms)[0m  SELECT  "expa_people".* FROM "expa_people" WHERE "expa_people"."xp_id" IS NULL LIMIT 1
Redirected to http://localhost:3000/
Filter chain halted as :validates_logged_user rendered or redirected
Completed 302 Found in 4ms (ActiveRecord: 0.7ms)


Started GET "/" for 127.0.0.1 at 2016-04-12 10:01:23 -0300
Processing by SessionsController#index as HTML
  [1m[36mExpaPerson Load (0.4ms)[0m  [1mSELECT  "expa_people".* FROM "expa_people" WHERE "expa_people"."xp_id" IS NULL LIMIT 1[0m
Redirected to http://localhost:3000/
Filter chain halted as :validates_logged_user rendered or redirected
Completed 302 Found in 2ms (ActiveRecord: 0.4ms)


Started GET "/" for 127.0.0.1 at 2016-04-12 10:01:23 -0300
Processing by SessionsController#index as HTML
  [1m[35mExpaPerson Load (0.8ms)[0m  SELECT  "expa_people".* FROM "expa_people" WHERE "expa_people"."xp_id" IS NULL LIMIT 1
Redirected to http://localhost:3000/
Filter chain halted as :validates_logged_user rendered or redirected
Completed 302 Found in 3ms (ActiveRecord: 0.8ms)


Started GET "/" for 127.0.0.1 at 2016-04-12 10:01:23 -0300
Processing by SessionsController#index as HTML
  [1m[36mExpaPerson Load (0.5ms)[0m  [1mSELECT  "expa_people".* FROM "expa_people" WHERE "expa_people"."xp_id" IS NULL LIMIT 1[0m
Redirected to http://localhost:3000/
Filter chain halted as :validates_logged_user rendered or redirected
Completed 302 Found in 3ms (ActiveRecord: 0.5ms)


Started GET "/" for 127.0.0.1 at 2016-04-12 10:01:23 -0300
Processing by SessionsController#index as HTML
  [1m[35mExpaPerson Load (0.4ms)[0m  SELECT  "expa_people".* FROM "expa_people" WHERE "expa_people"."xp_id" IS NULL LIMIT 1
Redirected to http://localhost:3000/
Filter chain halted as :validates_logged_user rendered or redirected
Completed 302 Found in 4ms (ActiveRecord: 0.4ms)


Started GET "/" for 127.0.0.1 at 2016-04-12 10:01:23 -0300
Processing by SessionsController#index as HTML
  [1m[36mExpaPerson Load (0.5ms)[0m  [1mSELECT  "expa_people".* FROM "expa_people" WHERE "expa_people"."xp_id" IS NULL LIMIT 1[0m
Redirected to http://localhost:3000/
Filter chain halted as :validates_logged_user rendered or redirected
Completed 302 Found in 4ms (ActiveRecord: 0.5ms)


Started GET "/" for 127.0.0.1 at 2016-04-12 10:01:23 -0300
Processing by SessionsController#index as HTML
  [1m[35mExpaPerson Load (0.5ms)[0m  SELECT  "expa_people".* FROM "expa_people" WHERE "expa_people"."xp_id" IS NULL LIMIT 1
Redirected to http://localhost:3000/
Filter chain halted as :validates_logged_user rendered or redirected
Completed 302 Found in 4ms (ActiveRecord: 0.5ms)


Started GET "/" for 127.0.0.1 at 2016-04-12 10:01:23 -0300
Processing by SessionsController#index as HTML
  [1m[36mExpaPerson Load (0.5ms)[0m  [1mSELECT  "expa_people".* FROM "expa_people" WHERE "expa_people"."xp_id" IS NULL LIMIT 1[0m
Redirected to http://localhost:3000/
Filter chain halted as :validates_logged_user rendered or redirected
Completed 302 Found in 4ms (ActiveRecord: 0.5ms)


Started GET "/" for 127.0.0.1 at 2016-04-12 10:01:23 -0300
Processing by SessionsController#index as HTML
  [1m[35mExpaPerson Load (0.5ms)[0m  SELECT  "expa_people".* FROM "expa_people" WHERE "expa_people"."xp_id" IS NULL LIMIT 1
Redirected to http://localhost:3000/
Filter chain halted as :validates_logged_user rendered or redirected
Completed 302 Found in 4ms (ActiveRecord: 0.5ms)


Started GET "/" for 127.0.0.1 at 2016-04-12 10:01:23 -0300
Processing by SessionsController#index as HTML
  [1m[36mExpaPerson Load (0.4ms)[0m  [1mSELECT  "expa_people".* FROM "expa_people" WHERE "expa_people"."xp_id" IS NULL LIMIT 1[0m
Redirected to http://localhost:3000/
Filter chain halted as :validates_logged_user rendered or redirected
Completed 302 Found in 3ms (ActiveRecord: 0.4ms)


Started GET "/" for 127.0.0.1 at 2016-04-12 10:01:23 -0300
Processing by SessionsController#index as HTML
  [1m[35mExpaPerson Load (0.7ms)[0m  SELECT  "expa_people".* FROM "expa_people" WHERE "expa_people"."xp_id" IS NULL LIMIT 1
Redirected to http://localhost:3000/
Filter chain halted as :validates_logged_user rendered or redirected
Completed 302 Found in 7ms (ActiveRecord: 0.7ms)


Started GET "/" for 127.0.0.1 at 2016-04-12 10:01:23 -0300
Processing by SessionsController#index as HTML
  [1m[36mExpaPerson Load (0.7ms)[0m  [1mSELECT  "expa_people".* FROM "expa_people" WHERE "expa_people"."xp_id" IS NULL LIMIT 1[0m
Redirected to http://localhost:3000/
Filter chain halted as :validates_logged_user rendered or redirected
Completed 302 Found in 3ms (ActiveRecord: 0.7ms)


Started GET "/" for 127.0.0.1 at 2016-04-12 10:01:23 -0300
Processing by SessionsController#index as HTML
  [1m[35mExpaPerson Load (0.8ms)[0m  SELECT  "expa_people".* FROM "expa_people" WHERE "expa_people"."xp_id" IS NULL LIMIT 1
Redirected to http://localhost:3000/
Filter chain halted as :validates_logged_user rendered or redirected
Completed 302 Found in 4ms (ActiveRecord: 0.8ms)


Started GET "/" for 127.0.0.1 at 2016-04-12 10:01:24 -0300
Processing by SessionsController#index as HTML
  [1m[36mExpaPerson Load (0.5ms)[0m  [1mSELECT  "expa_people".* FROM "expa_people" WHERE "expa_people"."xp_id" IS NULL LIMIT 1[0m
Redirected to http://localhost:3000/
Filter chain halted as :validates_logged_user rendered or redirected
Completed 302 Found in 3ms (ActiveRecord: 0.5ms)


Started GET "/" for 127.0.0.1 at 2016-04-12 10:01:24 -0300
Processing by SessionsController#index as HTML
  [1m[35mExpaPerson Load (0.4ms)[0m  SELECT  "expa_people".* FROM "expa_people" WHERE "expa_people"."xp_id" IS NULL LIMIT 1
Redirected to http://localhost:3000/
Filter chain halted as :validates_logged_user rendered or redirected
Completed 302 Found in 4ms (ActiveRecord: 0.4ms)


Started GET "/" for 127.0.0.1 at 2016-04-12 10:01:24 -0300
Processing by SessionsController#index as HTML
  [1m[36mExpaPerson Load (0.5ms)[0m  [1mSELECT  "expa_people".* FROM "expa_people" WHERE "expa_people"."xp_id" IS NULL LIMIT 1[0m
Redirected to http://localhost:3000/
Filter chain halted as :validates_logged_user rendered or redirected
Completed 302 Found in 3ms (ActiveRecord: 0.5ms)


Started GET "/" for 127.0.0.1 at 2016-04-12 10:01:24 -0300
Processing by SessionsController#index as HTML
  [1m[35mExpaPerson Load (1.1ms)[0m  SELECT  "expa_people".* FROM "expa_people" WHERE "expa_people"."xp_id" IS NULL LIMIT 1
Redirected to http://localhost:3000/
Filter chain halted as :validates_logged_user rendered or redirected
Completed 302 Found in 5ms (ActiveRecord: 1.1ms)


Started GET "/" for 127.0.0.1 at 2016-04-12 10:01:24 -0300
Processing by SessionsController#index as HTML
  [1m[36mExpaPerson Load (0.4ms)[0m  [1mSELECT  "expa_people".* FROM "expa_people" WHERE "expa_people"."xp_id" IS NULL LIMIT 1[0m
Redirected to http://localhost:3000/
Filter chain halted as :validates_logged_user rendered or redirected
Completed 302 Found in 3ms (ActiveRecord: 0.4ms)


Started GET "/" for 127.0.0.1 at 2016-04-12 10:01:24 -0300
Processing by SessionsController#index as HTML
  [1m[35mExpaPerson Load (0.5ms)[0m  SELECT  "expa_people".* FROM "expa_people" WHERE "expa_people"."xp_id" IS NULL LIMIT 1
Redirected to http://localhost:3000/
Filter chain halted as :validates_logged_user rendered or redirected
Completed 302 Found in 3ms (ActiveRecord: 0.5ms)


Started GET "/" for 127.0.0.1 at 2016-04-12 10:01:24 -0300
Processing by SessionsController#index as HTML
  [1m[36mExpaPerson Load (0.5ms)[0m  [1mSELECT  "expa_people".* FROM "expa_people" WHERE "expa_people"."xp_id" IS NULL LIMIT 1[0m
Redirected to http://localhost:3000/
Filter chain halted as :validates_logged_user rendered or redirected
Completed 302 Found in 2ms (ActiveRecord: 0.5ms)


Started GET "/" for 127.0.0.1 at 2016-04-12 10:01:24 -0300
Processing by SessionsController#index as HTML
  [1m[35mExpaPerson Load (0.5ms)[0m  SELECT  "expa_people".* FROM "expa_people" WHERE "expa_people"."xp_id" IS NULL LIMIT 1
Redirected to http://localhost:3000/
Filter chain halted as :validates_logged_user rendered or redirected
Completed 302 Found in 2ms (ActiveRecord: 0.5ms)


Started GET "/" for 127.0.0.1 at 2016-04-12 10:01:24 -0300
Processing by SessionsController#index as HTML
  [1m[36mExpaPerson Load (0.6ms)[0m  [1mSELECT  "expa_people".* FROM "expa_people" WHERE "expa_people"."xp_id" IS NULL LIMIT 1[0m
Redirected to http://localhost:3000/
Filter chain halted as :validates_logged_user rendered or redirected
Completed 302 Found in 4ms (ActiveRecord: 0.6ms)


Started GET "/" for 127.0.0.1 at 2016-04-12 10:01:24 -0300
Processing by SessionsController#index as HTML
  [1m[35mExpaPerson Load (0.5ms)[0m  SELECT  "expa_people".* FROM "expa_people" WHERE "expa_people"."xp_id" IS NULL LIMIT 1
Redirected to http://localhost:3000/
Filter chain halted as :validates_logged_user rendered or redirected
Completed 302 Found in 3ms (ActiveRecord: 0.5ms)


Started GET "/" for 127.0.0.1 at 2016-04-12 10:01:24 -0300
Processing by SessionsController#index as HTML
  [1m[36mExpaPerson Load (0.4ms)[0m  [1mSELECT  "expa_people".* FROM "expa_people" WHERE "expa_people"."xp_id" IS NULL LIMIT 1[0m
Redirected to http://localhost:3000/
Filter chain halted as :validates_logged_user rendered or redirected
Completed 302 Found in 2ms (ActiveRecord: 0.4ms)


Started GET "/" for 127.0.0.1 at 2016-04-12 10:01:24 -0300
Processing by SessionsController#index as HTML
  [1m[35mExpaPerson Load (0.5ms)[0m  SELECT  "expa_people".* FROM "expa_people" WHERE "expa_people"."xp_id" IS NULL LIMIT 1
Redirected to http://localhost:3000/
Filter chain halted as :validates_logged_user rendered or redirected
Completed 302 Found in 2ms (ActiveRecord: 0.5ms)


Started GET "/" for 127.0.0.1 at 2016-04-12 10:01:24 -0300
Processing by SessionsController#index as HTML
  [1m[36mExpaPerson Load (0.5ms)[0m  [1mSELECT  "expa_people".* FROM "expa_people" WHERE "expa_people"."xp_id" IS NULL LIMIT 1[0m
Redirected to http://localhost:3000/
Filter chain halted as :validates_logged_user rendered or redirected
Completed 302 Found in 3ms (ActiveRecord: 0.5ms)


Started GET "/" for 127.0.0.1 at 2016-04-12 10:01:24 -0300
Processing by SessionsController#index as HTML
  [1m[35mExpaPerson Load (1.1ms)[0m  SELECT  "expa_people".* FROM "expa_people" WHERE "expa_people"."xp_id" IS NULL LIMIT 1
Redirected to http://localhost:3000/
Filter chain halted as :validates_logged_user rendered or redirected
Completed 302 Found in 3ms (ActiveRecord: 1.1ms)


Started GET "/" for 127.0.0.1 at 2016-04-12 10:01:24 -0300
Processing by SessionsController#index as HTML
  [1m[36mExpaPerson Load (0.5ms)[0m  [1mSELECT  "expa_people".* FROM "expa_people" WHERE "expa_people"."xp_id" IS NULL LIMIT 1[0m
Redirected to http://localhost:3000/
Filter chain halted as :validates_logged_user rendered or redirected
Completed 302 Found in 2ms (ActiveRecord: 0.5ms)


Started GET "/" for 127.0.0.1 at 2016-04-12 10:01:24 -0300
Processing by SessionsController#index as HTML
  [1m[35mExpaPerson Load (0.5ms)[0m  SELECT  "expa_people".* FROM "expa_people" WHERE "expa_people"."xp_id" IS NULL LIMIT 1
Redirected to http://localhost:3000/
Filter chain halted as :validates_logged_user rendered or redirected
Completed 302 Found in 7ms (ActiveRecord: 0.5ms)


Started GET "/" for 127.0.0.1 at 2016-04-12 10:01:24 -0300
Processing by SessionsController#index as HTML
  [1m[36mExpaPerson Load (0.6ms)[0m  [1mSELECT  "expa_people".* FROM "expa_people" WHERE "expa_people"."xp_id" IS NULL LIMIT 1[0m
Redirected to http://localhost:3000/
Filter chain halted as :validates_logged_user rendered or redirected
Completed 302 Found in 3ms (ActiveRecord: 0.6ms)


Started GET "/" for 127.0.0.1 at 2016-04-12 10:01:24 -0300
Processing by SessionsController#index as HTML
  [1m[35mExpaPerson Load (0.4ms)[0m  SELECT  "expa_people".* FROM "expa_people" WHERE "expa_people"."xp_id" IS NULL LIMIT 1
Redirected to http://localhost:3000/
Filter chain halted as :validates_logged_user rendered or redirected
Completed 302 Found in 2ms (ActiveRecord: 0.4ms)


Started GET "/" for 127.0.0.1 at 2016-04-12 10:01:24 -0300
Processing by SessionsController#index as HTML
  [1m[36mExpaPerson Load (1.8ms)[0m  [1mSELECT  "expa_people".* FROM "expa_people" WHERE "expa_people"."xp_id" IS NULL LIMIT 1[0m
Redirected to http://localhost:3000/
Filter chain halted as :validates_logged_user rendered or redirected
Completed 302 Found in 4ms (ActiveRecord: 1.8ms)


Started GET "/" for 127.0.0.1 at 2016-04-12 10:01:24 -0300
Processing by SessionsController#index as HTML
  [1m[35mExpaPerson Load (0.9ms)[0m  SELECT  "expa_people".* FROM "expa_people" WHERE "expa_people"."xp_id" IS NULL LIMIT 1
Redirected to http://localhost:3000/
Filter chain halted as :validates_logged_user rendered or redirected
Completed 302 Found in 4ms (ActiveRecord: 0.9ms)


Started GET "/" for 127.0.0.1 at 2016-04-12 10:01:24 -0300
Processing by SessionsController#index as HTML
  [1m[36mExpaPerson Load (0.7ms)[0m  [1mSELECT  "expa_people".* FROM "expa_people" WHERE "expa_people"."xp_id" IS NULL LIMIT 1[0m
Redirected to http://localhost:3000/
Filter chain halted as :validates_logged_user rendered or redirected
Completed 302 Found in 5ms (ActiveRecord: 0.7ms)


Started GET "/" for 127.0.0.1 at 2016-04-12 10:01:29 -0300
Processing by SessionsController#index as HTML
  [1m[35mExpaPerson Load (0.5ms)[0m  SELECT  "expa_people".* FROM "expa_people" WHERE "expa_people"."xp_id" IS NULL LIMIT 1
Redirected to http://localhost:3000/
Filter chain halted as :validates_logged_user rendered or redirected
Completed 302 Found in 2ms (ActiveRecord: 0.5ms)


Started GET "/" for 127.0.0.1 at 2016-04-12 10:01:29 -0300
Processing by SessionsController#index as HTML
  [1m[36mExpaPerson Load (0.4ms)[0m  [1mSELECT  "expa_people".* FROM "expa_people" WHERE "expa_people"."xp_id" IS NULL LIMIT 1[0m
Redirected to http://localhost:3000/
Filter chain halted as :validates_logged_user rendered or redirected
Completed 302 Found in 2ms (ActiveRecord: 0.4ms)


Started GET "/" for 127.0.0.1 at 2016-04-12 10:01:29 -0300
Processing by SessionsController#index as HTML
  [1m[35mExpaPerson Load (0.5ms)[0m  SELECT  "expa_people".* FROM "expa_people" WHERE "expa_people"."xp_id" IS NULL LIMIT 1
Redirected to http://localhost:3000/
Filter chain halted as :validates_logged_user rendered or redirected
Completed 302 Found in 2ms (ActiveRecord: 0.5ms)


Started GET "/" for 127.0.0.1 at 2016-04-12 10:01:29 -0300
Processing by SessionsController#index as HTML
  [1m[36mExpaPerson Load (0.4ms)[0m  [1mSELECT  "expa_people".* FROM "expa_people" WHERE "expa_people"."xp_id" IS NULL LIMIT 1[0m
Redirected to http://localhost:3000/
Filter chain halted as :validates_logged_user rendered or redirected
Completed 302 Found in 2ms (ActiveRecord: 0.4ms)


Started GET "/" for 127.0.0.1 at 2016-04-12 10:01:29 -0300
Processing by SessionsController#index as HTML
  [1m[35mExpaPerson Load (0.4ms)[0m  SELECT  "expa_people".* FROM "expa_people" WHERE "expa_people"."xp_id" IS NULL LIMIT 1
Redirected to http://localhost:3000/
Filter chain halted as :validates_logged_user rendered or redirected
Completed 302 Found in 2ms (ActiveRecord: 0.4ms)


Started GET "/" for 127.0.0.1 at 2016-04-12 10:01:29 -0300
Processing by SessionsController#index as HTML
  [1m[36mExpaPerson Load (0.5ms)[0m  [1mSELECT  "expa_people".* FROM "expa_people" WHERE "expa_people"."xp_id" IS NULL LIMIT 1[0m
Redirected to http://localhost:3000/
Filter chain halted as :validates_logged_user rendered or redirected
Completed 302 Found in 2ms (ActiveRecord: 0.5ms)


Started GET "/" for 127.0.0.1 at 2016-04-12 10:01:29 -0300
Processing by SessionsController#index as HTML
  [1m[35mExpaPerson Load (0.4ms)[0m  SELECT  "expa_people".* FROM "expa_people" WHERE "expa_people"."xp_id" IS NULL LIMIT 1
Redirected to http://localhost:3000/
Filter chain halted as :validates_logged_user rendered or redirected
Completed 302 Found in 2ms (ActiveRecord: 0.4ms)


Started GET "/" for 127.0.0.1 at 2016-04-12 10:01:29 -0300
Processing by SessionsController#index as HTML
  [1m[36mExpaPerson Load (0.4ms)[0m  [1mSELECT  "expa_people".* FROM "expa_people" WHERE "expa_people"."xp_id" IS NULL LIMIT 1[0m
Redirected to http://localhost:3000/
Filter chain halted as :validates_logged_user rendered or redirected
Completed 302 Found in 2ms (ActiveRecord: 0.4ms)


Started GET "/" for 127.0.0.1 at 2016-04-12 10:01:29 -0300
Processing by SessionsController#index as HTML
  [1m[35mExpaPerson Load (0.5ms)[0m  SELECT  "expa_people".* FROM "expa_people" WHERE "expa_people"."xp_id" IS NULL LIMIT 1
Redirected to http://localhost:3000/
Filter chain halted as :validates_logged_user rendered or redirected
Completed 302 Found in 2ms (ActiveRecord: 0.5ms)


Started GET "/" for 127.0.0.1 at 2016-04-12 10:01:29 -0300
Processing by SessionsController#index as HTML
  [1m[36mExpaPerson Load (0.5ms)[0m  [1mSELECT  "expa_people".* FROM "expa_people" WHERE "expa_people"."xp_id" IS NULL LIMIT 1[0m
Redirected to http://localhost:3000/
Filter chain halted as :validates_logged_user rendered or redirected
Completed 302 Found in 2ms (ActiveRecord: 0.5ms)


Started GET "/" for 127.0.0.1 at 2016-04-12 10:01:29 -0300
Processing by SessionsController#index as HTML
  [1m[35mExpaPerson Load (0.5ms)[0m  SELECT  "expa_people".* FROM "expa_people" WHERE "expa_people"."xp_id" IS NULL LIMIT 1
Redirected to http://localhost:3000/
Filter chain halted as :validates_logged_user rendered or redirected
Completed 302 Found in 4ms (ActiveRecord: 0.5ms)


Started GET "/" for 127.0.0.1 at 2016-04-12 10:01:29 -0300
Processing by SessionsController#index as HTML
  [1m[36mExpaPerson Load (0.6ms)[0m  [1mSELECT  "expa_people".* FROM "expa_people" WHERE "expa_people"."xp_id" IS NULL LIMIT 1[0m
Redirected to http://localhost:3000/
Filter chain halted as :validates_logged_user rendered or redirected
Completed 302 Found in 3ms (ActiveRecord: 0.6ms)


Started GET "/" for 127.0.0.1 at 2016-04-12 10:01:29 -0300
Processing by SessionsController#index as HTML
  [1m[35mExpaPerson Load (0.4ms)[0m  SELECT  "expa_people".* FROM "expa_people" WHERE "expa_people"."xp_id" IS NULL LIMIT 1
Redirected to http://localhost:3000/
Filter chain halted as :validates_logged_user rendered or redirected
Completed 302 Found in 2ms (ActiveRecord: 0.4ms)


Started GET "/" for 127.0.0.1 at 2016-04-12 10:01:29 -0300
Processing by SessionsController#index as HTML
  [1m[36mExpaPerson Load (0.6ms)[0m  [1mSELECT  "expa_people".* FROM "expa_people" WHERE "expa_people"."xp_id" IS NULL LIMIT 1[0m
Redirected to http://localhost:3000/
Filter chain halted as :validates_logged_user rendered or redirected
Completed 302 Found in 3ms (ActiveRecord: 0.6ms)


Started GET "/" for 127.0.0.1 at 2016-04-12 10:01:29 -0300
Processing by SessionsController#index as HTML
  [1m[35mExpaPerson Load (0.6ms)[0m  SELECT  "expa_people".* FROM "expa_people" WHERE "expa_people"."xp_id" IS NULL LIMIT 1
Redirected to http://localhost:3000/
Filter chain halted as :validates_logged_user rendered or redirected
Completed 302 Found in 3ms (ActiveRecord: 0.6ms)


Started GET "/" for 127.0.0.1 at 2016-04-12 10:01:29 -0300
Processing by SessionsController#index as HTML
  [1m[36mExpaPerson Load (0.6ms)[0m  [1mSELECT  "expa_people".* FROM "expa_people" WHERE "expa_people"."xp_id" IS NULL LIMIT 1[0m
Redirected to http://localhost:3000/
Filter chain halted as :validates_logged_user rendered or redirected
Completed 302 Found in 3ms (ActiveRecord: 0.6ms)


Started GET "/" for 127.0.0.1 at 2016-04-12 10:01:29 -0300
Processing by SessionsController#index as HTML
  [1m[35mExpaPerson Load (0.5ms)[0m  SELECT  "expa_people".* FROM "expa_people" WHERE "expa_people"."xp_id" IS NULL LIMIT 1
Redirected to http://localhost:3000/
Filter chain halted as :validates_logged_user rendered or redirected
Completed 302 Found in 2ms (ActiveRecord: 0.5ms)


Started GET "/" for 127.0.0.1 at 2016-04-12 10:01:29 -0300
Processing by SessionsController#index as HTML
  [1m[36mExpaPerson Load (0.7ms)[0m  [1mSELECT  "expa_people".* FROM "expa_people" WHERE "expa_people"."xp_id" IS NULL LIMIT 1[0m
Redirected to http://localhost:3000/
Filter chain halted as :validates_logged_user rendered or redirected
Completed 302 Found in 4ms (ActiveRecord: 0.7ms)


Started GET "/" for 127.0.0.1 at 2016-04-12 10:01:29 -0300
Processing by SessionsController#index as HTML
  [1m[35mExpaPerson Load (1.0ms)[0m  SELECT  "expa_people".* FROM "expa_people" WHERE "expa_people"."xp_id" IS NULL LIMIT 1
Redirected to http://localhost:3000/
Filter chain halted as :validates_logged_user rendered or redirected
Completed 302 Found in 4ms (ActiveRecord: 1.0ms)


Started GET "/" for 127.0.0.1 at 2016-04-12 10:01:29 -0300
Processing by SessionsController#index as HTML
  [1m[36mExpaPerson Load (0.6ms)[0m  [1mSELECT  "expa_people".* FROM "expa_people" WHERE "expa_people"."xp_id" IS NULL LIMIT 1[0m
Redirected to http://localhost:3000/
Filter chain halted as :validates_logged_user rendered or redirected
Completed 302 Found in 3ms (ActiveRecord: 0.6ms)


Started GET "/" for 127.0.0.1 at 2016-04-12 10:01:29 -0300
Processing by SessionsController#index as HTML
  [1m[35mExpaPerson Load (0.5ms)[0m  SELECT  "expa_people".* FROM "expa_people" WHERE "expa_people"."xp_id" IS NULL LIMIT 1
Redirected to http://localhost:3000/
Filter chain halted as :validates_logged_user rendered or redirected
Completed 302 Found in 3ms (ActiveRecord: 0.5ms)
